ERROR 2026-01-01 16:48:27,198 log 6256 6227341312 Internal Server Error: /api/stacks/
Traceback (most recent call last):
  File "/Users/islam/Dev2/JobPulse/backend/venv/lib/python3.13/site-packages/django/core/handlers/exception.py", line 55, in inner
    response = get_response(request)
  File "/Users/islam/Dev2/JobPulse/backend/venv/lib/python3.13/site-packages/django/core/handlers/base.py", line 197, in _get_response
    response = wrapped_callback(request, *callback_args, **callback_kwargs)
  File "/Users/islam/Dev2/JobPulse/backend/venv/lib/python3.13/site-packages/django/views/decorators/csrf.py", line 65, in _view_wrapper
    return view_func(request, *args, **kwargs)
  File "/Users/islam/Dev2/JobPulse/backend/venv/lib/python3.13/site-packages/rest_framework/viewsets.py", line 124, in view
    return self.dispatch(request, *args, **kwargs)
           ~~~~~~~~~~~~~^^^^^^^^^^^^^^^^^^^^^^^^^^
  File "/Users/islam/Dev2/JobPulse/backend/venv/lib/python3.13/site-packages/rest_framework/views.py", line 509, in dispatch
    response = self.handle_exception(exc)
  File "/Users/islam/Dev2/JobPulse/backend/venv/lib/python3.13/site-packages/rest_framework/views.py", line 469, in handle_exception
    self.raise_uncaught_exception(exc)
    ~~~~~~~~~~~~~~~~~~~~~~~~~~~~~^^^^^
  File "/Users/islam/Dev2/JobPulse/backend/venv/lib/python3.13/site-packages/rest_framework/views.py", line 480, in raise_uncaught_exception
    raise exc
  File "/Users/islam/Dev2/JobPulse/backend/venv/lib/python3.13/site-packages/rest_framework/views.py", line 506, in dispatch
    response = handler(request, *args, **kwargs)
  File "/Users/islam/Dev2/JobPulse/backend/venv/lib/python3.13/site-packages/django/utils/decorators.py", line 48, in _wrapper
    return bound_method(*args, **kwargs)
  File "/Users/islam/Dev2/JobPulse/backend/venv/lib/python3.13/site-packages/django/utils/decorators.py", line 188, in _view_wrapper
    result = _process_exception(request, e)
  File "/Users/islam/Dev2/JobPulse/backend/venv/lib/python3.13/site-packages/django/utils/decorators.py", line 186, in _view_wrapper
    response = view_func(request, *args, **kwargs)
  File "/Users/islam/Dev2/JobPulse/backend/apps/users/views.py", line 137, in list
    return super().list(request)
           ~~~~~~~~~~~~^^^^^^^^^
  File "/Users/islam/Dev2/JobPulse/backend/venv/lib/python3.13/site-packages/rest_framework/mixins.py", line 38, in list
    queryset = self.filter_queryset(self.get_queryset())
                                    ~~~~~~~~~~~~~~~~~^^
  File "/Users/islam/Dev2/JobPulse/backend/venv/lib/python3.13/site-packages/rest_framework/generics.py", line 67, in get_queryset
    assert self.queryset is not None, (
           ^^^^^^^^^^^^^^^^^^^^^^^^^
AssertionError: 'StackViewSet' should either include a `queryset` attribute, or override the `get_queryset()` method.
ERROR 2026-01-01 16:48:27,201 basehttp 6256 6227341312 "GET /api/stacks/ HTTP/1.1" 500 123467
ERROR 2026-01-01 16:48:28,786 log 6256 6244167680 Internal Server Error: /api/stacks/
Traceback (most recent call last):
  File "/Users/islam/Dev2/JobPulse/backend/venv/lib/python3.13/site-packages/django/core/handlers/exception.py", line 55, in inner
    response = get_response(request)
  File "/Users/islam/Dev2/JobPulse/backend/venv/lib/python3.13/site-packages/django/core/handlers/base.py", line 197, in _get_response
    response = wrapped_callback(request, *callback_args, **callback_kwargs)
  File "/Users/islam/Dev2/JobPulse/backend/venv/lib/python3.13/site-packages/django/views/decorators/csrf.py", line 65, in _view_wrapper
    return view_func(request, *args, **kwargs)
  File "/Users/islam/Dev2/JobPulse/backend/venv/lib/python3.13/site-packages/rest_framework/viewsets.py", line 124, in view
    return self.dispatch(request, *args, **kwargs)
           ~~~~~~~~~~~~~^^^^^^^^^^^^^^^^^^^^^^^^^^
  File "/Users/islam/Dev2/JobPulse/backend/venv/lib/python3.13/site-packages/rest_framework/views.py", line 509, in dispatch
    response = self.handle_exception(exc)
  File "/Users/islam/Dev2/JobPulse/backend/venv/lib/python3.13/site-packages/rest_framework/views.py", line 469, in handle_exception
    self.raise_uncaught_exception(exc)
    ~~~~~~~~~~~~~~~~~~~~~~~~~~~~~^^^^^
  File "/Users/islam/Dev2/JobPulse/backend/venv/lib/python3.13/site-packages/rest_framework/views.py", line 480, in raise_uncaught_exception
    raise exc
  File "/Users/islam/Dev2/JobPulse/backend/venv/lib/python3.13/site-packages/rest_framework/views.py", line 506, in dispatch
    response = handler(request, *args, **kwargs)
  File "/Users/islam/Dev2/JobPulse/backend/venv/lib/python3.13/site-packages/django/utils/decorators.py", line 48, in _wrapper
    return bound_method(*args, **kwargs)
  File "/Users/islam/Dev2/JobPulse/backend/venv/lib/python3.13/site-packages/django/utils/decorators.py", line 188, in _view_wrapper
    result = _process_exception(request, e)
  File "/Users/islam/Dev2/JobPulse/backend/venv/lib/python3.13/site-packages/django/utils/decorators.py", line 186, in _view_wrapper
    response = view_func(request, *args, **kwargs)
  File "/Users/islam/Dev2/JobPulse/backend/apps/users/views.py", line 137, in list
    return super().list(request)
           ~~~~~~~~~~~~^^^^^^^^^
  File "/Users/islam/Dev2/JobPulse/backend/venv/lib/python3.13/site-packages/rest_framework/mixins.py", line 38, in list
    queryset = self.filter_queryset(self.get_queryset())
                                    ~~~~~~~~~~~~~~~~~^^
  File "/Users/islam/Dev2/JobPulse/backend/venv/lib/python3.13/site-packages/rest_framework/generics.py", line 67, in get_queryset
    assert self.queryset is not None, (
           ^^^^^^^^^^^^^^^^^^^^^^^^^
AssertionError: 'StackViewSet' should either include a `queryset` attribute, or override the `get_queryset()` method.
ERROR 2026-01-01 16:48:28,788 basehttp 6256 6244167680 "GET /api/stacks/ HTTP/1.1" 500 123467
ERROR 2026-01-01 16:48:43,985 log 6256 6160035840 Internal Server Error: /api/stacks/
Traceback (most recent call last):
  File "/Users/islam/Dev2/JobPulse/backend/venv/lib/python3.13/site-packages/django/core/handlers/exception.py", line 55, in inner
    response = get_response(request)
  File "/Users/islam/Dev2/JobPulse/backend/venv/lib/python3.13/site-packages/django/core/handlers/base.py", line 197, in _get_response
    response = wrapped_callback(request, *callback_args, **callback_kwargs)
  File "/Users/islam/Dev2/JobPulse/backend/venv/lib/python3.13/site-packages/django/views/decorators/csrf.py", line 65, in _view_wrapper
    return view_func(request, *args, **kwargs)
  File "/Users/islam/Dev2/JobPulse/backend/venv/lib/python3.13/site-packages/rest_framework/viewsets.py", line 124, in view
    return self.dispatch(request, *args, **kwargs)
           ~~~~~~~~~~~~~^^^^^^^^^^^^^^^^^^^^^^^^^^
  File "/Users/islam/Dev2/JobPulse/backend/venv/lib/python3.13/site-packages/rest_framework/views.py", line 509, in dispatch
    response = self.handle_exception(exc)
  File "/Users/islam/Dev2/JobPulse/backend/venv/lib/python3.13/site-packages/rest_framework/views.py", line 469, in handle_exception
    self.raise_uncaught_exception(exc)
    ~~~~~~~~~~~~~~~~~~~~~~~~~~~~~^^^^^
  File "/Users/islam/Dev2/JobPulse/backend/venv/lib/python3.13/site-packages/rest_framework/views.py", line 480, in raise_uncaught_exception
    raise exc
  File "/Users/islam/Dev2/JobPulse/backend/venv/lib/python3.13/site-packages/rest_framework/views.py", line 506, in dispatch
    response = handler(request, *args, **kwargs)
  File "/Users/islam/Dev2/JobPulse/backend/venv/lib/python3.13/site-packages/django/utils/decorators.py", line 48, in _wrapper
    return bound_method(*args, **kwargs)
  File "/Users/islam/Dev2/JobPulse/backend/venv/lib/python3.13/site-packages/django/utils/decorators.py", line 188, in _view_wrapper
    result = _process_exception(request, e)
  File "/Users/islam/Dev2/JobPulse/backend/venv/lib/python3.13/site-packages/django/utils/decorators.py", line 186, in _view_wrapper
    response = view_func(request, *args, **kwargs)
  File "/Users/islam/Dev2/JobPulse/backend/apps/users/views.py", line 137, in list
    return super().list(request)
           ~~~~~~~~~~~~^^^^^^^^^
  File "/Users/islam/Dev2/JobPulse/backend/venv/lib/python3.13/site-packages/rest_framework/mixins.py", line 38, in list
    queryset = self.filter_queryset(self.get_queryset())
                                    ~~~~~~~~~~~~~~~~~^^
  File "/Users/islam/Dev2/JobPulse/backend/venv/lib/python3.13/site-packages/rest_framework/generics.py", line 67, in get_queryset
    assert self.queryset is not None, (
           ^^^^^^^^^^^^^^^^^^^^^^^^^
AssertionError: 'StackViewSet' should either include a `queryset` attribute, or override the `get_queryset()` method.
ERROR 2026-01-01 16:48:43,987 basehttp 6256 6160035840 "GET /api/stacks/ HTTP/1.1" 500 126664
ERROR 2026-01-02 20:43:46,115 signal 1900 8654178368 Signal handler <bound method DjangoFixup.on_import_modules of <celery.fixups.django.DjangoFixup object at 0x1053f1a90>> raised: ModuleNotFoundError("No module named 'django_filters'")
Traceback (most recent call last):
  File "/Users/islam/Dev2/JobPulse/backend/venv/lib/python3.13/site-packages/celery/utils/dispatch/signal.py", line 276, in send
    response = receiver(signal=self, sender=sender, **named)
  File "/Users/islam/Dev2/JobPulse/backend/venv/lib/python3.13/site-packages/celery/fixups/django.py", line 100, in on_import_modules
    self.worker_fixup.validate_models()
    ~~~~~~~~~~~~~~~~~~~~~~~~~~~~~~~~~^^
  File "/Users/islam/Dev2/JobPulse/backend/venv/lib/python3.13/site-packages/celery/fixups/django.py", line 138, in validate_models
    self.django_setup()
    ~~~~~~~~~~~~~~~~~^^
  File "/Users/islam/Dev2/JobPulse/backend/venv/lib/python3.13/site-packages/celery/fixups/django.py", line 134, in django_setup
    django.setup()
    ~~~~~~~~~~~~^^
  File "/Users/islam/Dev2/JobPulse/backend/venv/lib/python3.13/site-packages/django/__init__.py", line 24, in setup
    apps.populate(settings.INSTALLED_APPS)
    ~~~~~~~~~~~~~^^^^^^^^^^^^^^^^^^^^^^^^^
  File "/Users/islam/Dev2/JobPulse/backend/venv/lib/python3.13/site-packages/django/apps/registry.py", line 91, in populate
    app_config = AppConfig.create(entry)
  File "/Users/islam/Dev2/JobPulse/backend/venv/lib/python3.13/site-packages/django/apps/config.py", line 193, in create
    import_module(entry)
    ~~~~~~~~~~~~~^^^^^^^
  File "/Library/Frameworks/Python.framework/Versions/3.13/lib/python3.13/importlib/__init__.py", line 88, in import_module
    return _bootstrap._gcd_import(name[level:], package, level)
           ~~~~~~~~~~~~~~~~~~~~~~^^^^^^^^^^^^^^^^^^^^^^^^^^^^^^
  File "<frozen importlib._bootstrap>", line 1387, in _gcd_import
  File "<frozen importlib._bootstrap>", line 1360, in _find_and_load
  File "<frozen importlib._bootstrap>", line 1324, in _find_and_load_unlocked
ModuleNotFoundError: No module named 'django_filters'
ERROR 2026-01-02 20:43:46,117 signal 1903 8654178368 Signal handler <bound method DjangoFixup.on_import_modules of <celery.fixups.django.DjangoFixup object at 0x1027f1a90>> raised: ModuleNotFoundError("No module named 'django_filters'")
Traceback (most recent call last):
  File "/Users/islam/Dev2/JobPulse/backend/venv/lib/python3.13/site-packages/celery/utils/dispatch/signal.py", line 276, in send
    response = receiver(signal=self, sender=sender, **named)
  File "/Users/islam/Dev2/JobPulse/backend/venv/lib/python3.13/site-packages/celery/fixups/django.py", line 100, in on_import_modules
    self.worker_fixup.validate_models()
    ~~~~~~~~~~~~~~~~~~~~~~~~~~~~~~~~~^^
  File "/Users/islam/Dev2/JobPulse/backend/venv/lib/python3.13/site-packages/celery/fixups/django.py", line 138, in validate_models
    self.django_setup()
    ~~~~~~~~~~~~~~~~~^^
  File "/Users/islam/Dev2/JobPulse/backend/venv/lib/python3.13/site-packages/celery/fixups/django.py", line 134, in django_setup
    django.setup()
    ~~~~~~~~~~~~^^
  File "/Users/islam/Dev2/JobPulse/backend/venv/lib/python3.13/site-packages/django/__init__.py", line 24, in setup
    apps.populate(settings.INSTALLED_APPS)
    ~~~~~~~~~~~~~^^^^^^^^^^^^^^^^^^^^^^^^^
  File "/Users/islam/Dev2/JobPulse/backend/venv/lib/python3.13/site-packages/django/apps/registry.py", line 91, in populate
    app_config = AppConfig.create(entry)
  File "/Users/islam/Dev2/JobPulse/backend/venv/lib/python3.13/site-packages/django/apps/config.py", line 193, in create
    import_module(entry)
    ~~~~~~~~~~~~~^^^^^^^
  File "/Library/Frameworks/Python.framework/Versions/3.13/lib/python3.13/importlib/__init__.py", line 88, in import_module
    return _bootstrap._gcd_import(name[level:], package, level)
           ~~~~~~~~~~~~~~~~~~~~~~^^^^^^^^^^^^^^^^^^^^^^^^^^^^^^
  File "<frozen importlib._bootstrap>", line 1387, in _gcd_import
  File "<frozen importlib._bootstrap>", line 1360, in _find_and_load
  File "<frozen importlib._bootstrap>", line 1324, in _find_and_load_unlocked
ModuleNotFoundError: No module named 'django_filters'
ERROR 2026-01-02 20:43:46,117 signal 1900 8654178368 Signal handler <promise@0x1053f4690 --> <bound method Celery._autodiscover_tasks of <Celery jobpulse at 0x1053f1160>>> raised: AppRegistryNotReady("Apps aren't loaded yet.")
Traceback (most recent call last):
  File "/Users/islam/Dev2/JobPulse/backend/venv/lib/python3.13/site-packages/celery/utils/dispatch/signal.py", line 276, in send
    response = receiver(signal=self, sender=sender, **named)
  File "/Users/islam/Dev2/JobPulse/backend/venv/lib/python3.13/site-packages/vine/promises.py", line 161, in __call__
    return self.throw()
           ~~~~~~~~~~^^
  File "/Users/islam/Dev2/JobPulse/backend/venv/lib/python3.13/site-packages/vine/promises.py", line 158, in __call__
    retval = fun(*final_args, **final_kwargs)
  File "/Users/islam/Dev2/JobPulse/backend/venv/lib/python3.13/site-packages/celery/app/base.py", line 694, in _autodiscover_tasks
    return self._autodiscover_tasks_from_fixups(related_name)
           ~~~~~~~~~~~~~~~~~~~~~~~~~~~~~~~~~~~~^^^^^^^^^^^^^^
  File "/Users/islam/Dev2/JobPulse/backend/venv/lib/python3.13/site-packages/celery/app/base.py", line 706, in _autodiscover_tasks_from_fixups
    for pkg in fixup.autodiscover_tasks()
               ~~~~~~~~~~~~~~~~~~~~~~~~^^
  File "/Users/islam/Dev2/JobPulse/backend/venv/lib/python3.13/site-packages/celery/fixups/django.py", line 110, in autodiscover_tasks
    return [config.name for config in apps.get_app_configs()]
                                      ~~~~~~~~~~~~~~~~~~~~^^
  File "/Users/islam/Dev2/JobPulse/backend/venv/lib/python3.13/site-packages/django/apps/registry.py", line 147, in get_app_configs
    self.check_apps_ready()
    ~~~~~~~~~~~~~~~~~~~~~^^
  File "/Users/islam/Dev2/JobPulse/backend/venv/lib/python3.13/site-packages/django/apps/registry.py", line 138, in check_apps_ready
    raise AppRegistryNotReady("Apps aren't loaded yet.")
django.core.exceptions.AppRegistryNotReady: Apps aren't loaded yet.
ERROR 2026-01-02 20:43:46,118 signal 1903 8654178368 Signal handler <promise@0x1027f4690 --> <bound method Celery._autodiscover_tasks of <Celery jobpulse at 0x1027f1160>>> raised: AppRegistryNotReady("Apps aren't loaded yet.")
Traceback (most recent call last):
  File "/Users/islam/Dev2/JobPulse/backend/venv/lib/python3.13/site-packages/celery/utils/dispatch/signal.py", line 276, in send
    response = receiver(signal=self, sender=sender, **named)
  File "/Users/islam/Dev2/JobPulse/backend/venv/lib/python3.13/site-packages/vine/promises.py", line 161, in __call__
    return self.throw()
           ~~~~~~~~~~^^
  File "/Users/islam/Dev2/JobPulse/backend/venv/lib/python3.13/site-packages/vine/promises.py", line 158, in __call__
    retval = fun(*final_args, **final_kwargs)
  File "/Users/islam/Dev2/JobPulse/backend/venv/lib/python3.13/site-packages/celery/app/base.py", line 694, in _autodiscover_tasks
    return self._autodiscover_tasks_from_fixups(related_name)
           ~~~~~~~~~~~~~~~~~~~~~~~~~~~~~~~~~~~~^^^^^^^^^^^^^^
  File "/Users/islam/Dev2/JobPulse/backend/venv/lib/python3.13/site-packages/celery/app/base.py", line 706, in _autodiscover_tasks_from_fixups
    for pkg in fixup.autodiscover_tasks()
               ~~~~~~~~~~~~~~~~~~~~~~~~^^
  File "/Users/islam/Dev2/JobPulse/backend/venv/lib/python3.13/site-packages/celery/fixups/django.py", line 110, in autodiscover_tasks
    return [config.name for config in apps.get_app_configs()]
                                      ~~~~~~~~~~~~~~~~~~~~^^
  File "/Users/islam/Dev2/JobPulse/backend/venv/lib/python3.13/site-packages/django/apps/registry.py", line 147, in get_app_configs
    self.check_apps_ready()
    ~~~~~~~~~~~~~~~~~~~~~^^
  File "/Users/islam/Dev2/JobPulse/backend/venv/lib/python3.13/site-packages/django/apps/registry.py", line 138, in check_apps_ready
    raise AppRegistryNotReady("Apps aren't loaded yet.")
django.core.exceptions.AppRegistryNotReady: Apps aren't loaded yet.
ERROR 2026-01-02 20:56:55,388 signal 2340 8654178368 Signal handler <bound method DjangoFixup.on_import_modules of <celery.fixups.django.DjangoFixup object at 0x1032f1a90>> raised: ModuleNotFoundError("No module named 'django_filters'")
Traceback (most recent call last):
  File "/Users/islam/Dev2/JobPulse/backend/venv/lib/python3.13/site-packages/celery/utils/dispatch/signal.py", line 276, in send
    response = receiver(signal=self, sender=sender, **named)
  File "/Users/islam/Dev2/JobPulse/backend/venv/lib/python3.13/site-packages/celery/fixups/django.py", line 100, in on_import_modules
    self.worker_fixup.validate_models()
    ~~~~~~~~~~~~~~~~~~~~~~~~~~~~~~~~~^^
  File "/Users/islam/Dev2/JobPulse/backend/venv/lib/python3.13/site-packages/celery/fixups/django.py", line 138, in validate_models
    self.django_setup()
    ~~~~~~~~~~~~~~~~~^^
  File "/Users/islam/Dev2/JobPulse/backend/venv/lib/python3.13/site-packages/celery/fixups/django.py", line 134, in django_setup
    django.setup()
    ~~~~~~~~~~~~^^
  File "/Users/islam/Dev2/JobPulse/backend/venv/lib/python3.13/site-packages/django/__init__.py", line 24, in setup
    apps.populate(settings.INSTALLED_APPS)
    ~~~~~~~~~~~~~^^^^^^^^^^^^^^^^^^^^^^^^^
  File "/Users/islam/Dev2/JobPulse/backend/venv/lib/python3.13/site-packages/django/apps/registry.py", line 91, in populate
    app_config = AppConfig.create(entry)
  File "/Users/islam/Dev2/JobPulse/backend/venv/lib/python3.13/site-packages/django/apps/config.py", line 193, in create
    import_module(entry)
    ~~~~~~~~~~~~~^^^^^^^
  File "/Library/Frameworks/Python.framework/Versions/3.13/lib/python3.13/importlib/__init__.py", line 88, in import_module
    return _bootstrap._gcd_import(name[level:], package, level)
           ~~~~~~~~~~~~~~~~~~~~~~^^^^^^^^^^^^^^^^^^^^^^^^^^^^^^
  File "<frozen importlib._bootstrap>", line 1387, in _gcd_import
  File "<frozen importlib._bootstrap>", line 1360, in _find_and_load
  File "<frozen importlib._bootstrap>", line 1324, in _find_and_load_unlocked
ModuleNotFoundError: No module named 'django_filters'
ERROR 2026-01-02 20:56:55,390 signal 2331 8654178368 Signal handler <bound method DjangoFixup.on_import_modules of <celery.fixups.django.DjangoFixup object at 0x106ce5a90>> raised: ModuleNotFoundError("No module named 'django_filters'")
Traceback (most recent call last):
  File "/Users/islam/Dev2/JobPulse/backend/venv/lib/python3.13/site-packages/celery/utils/dispatch/signal.py", line 276, in send
    response = receiver(signal=self, sender=sender, **named)
  File "/Users/islam/Dev2/JobPulse/backend/venv/lib/python3.13/site-packages/celery/fixups/django.py", line 100, in on_import_modules
    self.worker_fixup.validate_models()
    ~~~~~~~~~~~~~~~~~~~~~~~~~~~~~~~~~^^
  File "/Users/islam/Dev2/JobPulse/backend/venv/lib/python3.13/site-packages/celery/fixups/django.py", line 138, in validate_models
    self.django_setup()
    ~~~~~~~~~~~~~~~~~^^
  File "/Users/islam/Dev2/JobPulse/backend/venv/lib/python3.13/site-packages/celery/fixups/django.py", line 134, in django_setup
    django.setup()
    ~~~~~~~~~~~~^^
  File "/Users/islam/Dev2/JobPulse/backend/venv/lib/python3.13/site-packages/django/__init__.py", line 24, in setup
    apps.populate(settings.INSTALLED_APPS)
    ~~~~~~~~~~~~~^^^^^^^^^^^^^^^^^^^^^^^^^
  File "/Users/islam/Dev2/JobPulse/backend/venv/lib/python3.13/site-packages/django/apps/registry.py", line 91, in populate
    app_config = AppConfig.create(entry)
  File "/Users/islam/Dev2/JobPulse/backend/venv/lib/python3.13/site-packages/django/apps/config.py", line 193, in create
    import_module(entry)
    ~~~~~~~~~~~~~^^^^^^^
  File "/Library/Frameworks/Python.framework/Versions/3.13/lib/python3.13/importlib/__init__.py", line 88, in import_module
    return _bootstrap._gcd_import(name[level:], package, level)
           ~~~~~~~~~~~~~~~~~~~~~~^^^^^^^^^^^^^^^^^^^^^^^^^^^^^^
  File "<frozen importlib._bootstrap>", line 1387, in _gcd_import
  File "<frozen importlib._bootstrap>", line 1360, in _find_and_load
  File "<frozen importlib._bootstrap>", line 1324, in _find_and_load_unlocked
ModuleNotFoundError: No module named 'django_filters'
ERROR 2026-01-02 20:56:55,391 signal 2331 8654178368 Signal handler <promise@0x106ce8690 --> <bound method Celery._autodiscover_tasks of <Celery jobpulse at 0x106ce5160>>> raised: AppRegistryNotReady("Apps aren't loaded yet.")
Traceback (most recent call last):
  File "/Users/islam/Dev2/JobPulse/backend/venv/lib/python3.13/site-packages/celery/utils/dispatch/signal.py", line 276, in send
    response = receiver(signal=self, sender=sender, **named)
  File "/Users/islam/Dev2/JobPulse/backend/venv/lib/python3.13/site-packages/vine/promises.py", line 161, in __call__
    return self.throw()
           ~~~~~~~~~~^^
  File "/Users/islam/Dev2/JobPulse/backend/venv/lib/python3.13/site-packages/vine/promises.py", line 158, in __call__
    retval = fun(*final_args, **final_kwargs)
  File "/Users/islam/Dev2/JobPulse/backend/venv/lib/python3.13/site-packages/celery/app/base.py", line 694, in _autodiscover_tasks
    return self._autodiscover_tasks_from_fixups(related_name)
           ~~~~~~~~~~~~~~~~~~~~~~~~~~~~~~~~~~~~^^^^^^^^^^^^^^
  File "/Users/islam/Dev2/JobPulse/backend/venv/lib/python3.13/site-packages/celery/app/base.py", line 706, in _autodiscover_tasks_from_fixups
    for pkg in fixup.autodiscover_tasks()
               ~~~~~~~~~~~~~~~~~~~~~~~~^^
  File "/Users/islam/Dev2/JobPulse/backend/venv/lib/python3.13/site-packages/celery/fixups/django.py", line 110, in autodiscover_tasks
    return [config.name for config in apps.get_app_configs()]
                                      ~~~~~~~~~~~~~~~~~~~~^^
  File "/Users/islam/Dev2/JobPulse/backend/venv/lib/python3.13/site-packages/django/apps/registry.py", line 147, in get_app_configs
    self.check_apps_ready()
    ~~~~~~~~~~~~~~~~~~~~~^^
  File "/Users/islam/Dev2/JobPulse/backend/venv/lib/python3.13/site-packages/django/apps/registry.py", line 138, in check_apps_ready
    raise AppRegistryNotReady("Apps aren't loaded yet.")
django.core.exceptions.AppRegistryNotReady: Apps aren't loaded yet.
ERROR 2026-01-02 20:56:55,391 signal 2340 8654178368 Signal handler <promise@0x1032f4690 --> <bound method Celery._autodiscover_tasks of <Celery jobpulse at 0x1032f1160>>> raised: AppRegistryNotReady("Apps aren't loaded yet.")
Traceback (most recent call last):
  File "/Users/islam/Dev2/JobPulse/backend/venv/lib/python3.13/site-packages/celery/utils/dispatch/signal.py", line 276, in send
    response = receiver(signal=self, sender=sender, **named)
  File "/Users/islam/Dev2/JobPulse/backend/venv/lib/python3.13/site-packages/vine/promises.py", line 161, in __call__
    return self.throw()
           ~~~~~~~~~~^^
  File "/Users/islam/Dev2/JobPulse/backend/venv/lib/python3.13/site-packages/vine/promises.py", line 158, in __call__
    retval = fun(*final_args, **final_kwargs)
  File "/Users/islam/Dev2/JobPulse/backend/venv/lib/python3.13/site-packages/celery/app/base.py", line 694, in _autodiscover_tasks
    return self._autodiscover_tasks_from_fixups(related_name)
           ~~~~~~~~~~~~~~~~~~~~~~~~~~~~~~~~~~~~^^^^^^^^^^^^^^
  File "/Users/islam/Dev2/JobPulse/backend/venv/lib/python3.13/site-packages/celery/app/base.py", line 706, in _autodiscover_tasks_from_fixups
    for pkg in fixup.autodiscover_tasks()
               ~~~~~~~~~~~~~~~~~~~~~~~~^^
  File "/Users/islam/Dev2/JobPulse/backend/venv/lib/python3.13/site-packages/celery/fixups/django.py", line 110, in autodiscover_tasks
    return [config.name for config in apps.get_app_configs()]
                                      ~~~~~~~~~~~~~~~~~~~~^^
  File "/Users/islam/Dev2/JobPulse/backend/venv/lib/python3.13/site-packages/django/apps/registry.py", line 147, in get_app_configs
    self.check_apps_ready()
    ~~~~~~~~~~~~~~~~~~~~~^^
  File "/Users/islam/Dev2/JobPulse/backend/venv/lib/python3.13/site-packages/django/apps/registry.py", line 138, in check_apps_ready
    raise AppRegistryNotReady("Apps aren't loaded yet.")
django.core.exceptions.AppRegistryNotReady: Apps aren't loaded yet.
ERROR 2026-01-02 20:57:37,549 signal 2456 8654178368 Signal handler <bound method DjangoFixup.on_import_modules of <celery.fixups.django.DjangoFixup object at 0x1024c1a90>> raised: ModuleNotFoundError("No module named 'django_filters'")
Traceback (most recent call last):
  File "/Users/islam/Dev2/JobPulse/backend/venv/lib/python3.13/site-packages/celery/utils/dispatch/signal.py", line 276, in send
    response = receiver(signal=self, sender=sender, **named)
  File "/Users/islam/Dev2/JobPulse/backend/venv/lib/python3.13/site-packages/celery/fixups/django.py", line 100, in on_import_modules
    self.worker_fixup.validate_models()
    ~~~~~~~~~~~~~~~~~~~~~~~~~~~~~~~~~^^
  File "/Users/islam/Dev2/JobPulse/backend/venv/lib/python3.13/site-packages/celery/fixups/django.py", line 138, in validate_models
    self.django_setup()
    ~~~~~~~~~~~~~~~~~^^
  File "/Users/islam/Dev2/JobPulse/backend/venv/lib/python3.13/site-packages/celery/fixups/django.py", line 134, in django_setup
    django.setup()
    ~~~~~~~~~~~~^^
  File "/Users/islam/Dev2/JobPulse/backend/venv/lib/python3.13/site-packages/django/__init__.py", line 24, in setup
    apps.populate(settings.INSTALLED_APPS)
    ~~~~~~~~~~~~~^^^^^^^^^^^^^^^^^^^^^^^^^
  File "/Users/islam/Dev2/JobPulse/backend/venv/lib/python3.13/site-packages/django/apps/registry.py", line 91, in populate
    app_config = AppConfig.create(entry)
  File "/Users/islam/Dev2/JobPulse/backend/venv/lib/python3.13/site-packages/django/apps/config.py", line 193, in create
    import_module(entry)
    ~~~~~~~~~~~~~^^^^^^^
  File "/Library/Frameworks/Python.framework/Versions/3.13/lib/python3.13/importlib/__init__.py", line 88, in import_module
    return _bootstrap._gcd_import(name[level:], package, level)
           ~~~~~~~~~~~~~~~~~~~~~~^^^^^^^^^^^^^^^^^^^^^^^^^^^^^^
  File "<frozen importlib._bootstrap>", line 1387, in _gcd_import
  File "<frozen importlib._bootstrap>", line 1360, in _find_and_load
  File "<frozen importlib._bootstrap>", line 1324, in _find_and_load_unlocked
ModuleNotFoundError: No module named 'django_filters'
ERROR 2026-01-02 20:57:37,549 signal 2467 8654178368 Signal handler <bound method DjangoFixup.on_import_modules of <celery.fixups.django.DjangoFixup object at 0x106f25a90>> raised: ModuleNotFoundError("No module named 'django_filters'")
Traceback (most recent call last):
  File "/Users/islam/Dev2/JobPulse/backend/venv/lib/python3.13/site-packages/celery/utils/dispatch/signal.py", line 276, in send
    response = receiver(signal=self, sender=sender, **named)
  File "/Users/islam/Dev2/JobPulse/backend/venv/lib/python3.13/site-packages/celery/fixups/django.py", line 100, in on_import_modules
    self.worker_fixup.validate_models()
    ~~~~~~~~~~~~~~~~~~~~~~~~~~~~~~~~~^^
  File "/Users/islam/Dev2/JobPulse/backend/venv/lib/python3.13/site-packages/celery/fixups/django.py", line 138, in validate_models
    self.django_setup()
    ~~~~~~~~~~~~~~~~~^^
  File "/Users/islam/Dev2/JobPulse/backend/venv/lib/python3.13/site-packages/celery/fixups/django.py", line 134, in django_setup
    django.setup()
    ~~~~~~~~~~~~^^
  File "/Users/islam/Dev2/JobPulse/backend/venv/lib/python3.13/site-packages/django/__init__.py", line 24, in setup
    apps.populate(settings.INSTALLED_APPS)
    ~~~~~~~~~~~~~^^^^^^^^^^^^^^^^^^^^^^^^^
  File "/Users/islam/Dev2/JobPulse/backend/venv/lib/python3.13/site-packages/django/apps/registry.py", line 91, in populate
    app_config = AppConfig.create(entry)
  File "/Users/islam/Dev2/JobPulse/backend/venv/lib/python3.13/site-packages/django/apps/config.py", line 193, in create
    import_module(entry)
    ~~~~~~~~~~~~~^^^^^^^
  File "/Library/Frameworks/Python.framework/Versions/3.13/lib/python3.13/importlib/__init__.py", line 88, in import_module
    return _bootstrap._gcd_import(name[level:], package, level)
           ~~~~~~~~~~~~~~~~~~~~~~^^^^^^^^^^^^^^^^^^^^^^^^^^^^^^
  File "<frozen importlib._bootstrap>", line 1387, in _gcd_import
  File "<frozen importlib._bootstrap>", line 1360, in _find_and_load
  File "<frozen importlib._bootstrap>", line 1324, in _find_and_load_unlocked
ModuleNotFoundError: No module named 'django_filters'
ERROR 2026-01-02 20:57:37,551 signal 2467 8654178368 Signal handler <promise@0x106f28690 --> <bound method Celery._autodiscover_tasks of <Celery jobpulse at 0x106f25160>>> raised: AppRegistryNotReady("Apps aren't loaded yet.")
Traceback (most recent call last):
  File "/Users/islam/Dev2/JobPulse/backend/venv/lib/python3.13/site-packages/celery/utils/dispatch/signal.py", line 276, in send
    response = receiver(signal=self, sender=sender, **named)
  File "/Users/islam/Dev2/JobPulse/backend/venv/lib/python3.13/site-packages/vine/promises.py", line 161, in __call__
    return self.throw()
           ~~~~~~~~~~^^
  File "/Users/islam/Dev2/JobPulse/backend/venv/lib/python3.13/site-packages/vine/promises.py", line 158, in __call__
    retval = fun(*final_args, **final_kwargs)
  File "/Users/islam/Dev2/JobPulse/backend/venv/lib/python3.13/site-packages/celery/app/base.py", line 694, in _autodiscover_tasks
    return self._autodiscover_tasks_from_fixups(related_name)
           ~~~~~~~~~~~~~~~~~~~~~~~~~~~~~~~~~~~~^^^^^^^^^^^^^^
  File "/Users/islam/Dev2/JobPulse/backend/venv/lib/python3.13/site-packages/celery/app/base.py", line 706, in _autodiscover_tasks_from_fixups
    for pkg in fixup.autodiscover_tasks()
               ~~~~~~~~~~~~~~~~~~~~~~~~^^
  File "/Users/islam/Dev2/JobPulse/backend/venv/lib/python3.13/site-packages/celery/fixups/django.py", line 110, in autodiscover_tasks
    return [config.name for config in apps.get_app_configs()]
                                      ~~~~~~~~~~~~~~~~~~~~^^
  File "/Users/islam/Dev2/JobPulse/backend/venv/lib/python3.13/site-packages/django/apps/registry.py", line 147, in get_app_configs
    self.check_apps_ready()
    ~~~~~~~~~~~~~~~~~~~~~^^
  File "/Users/islam/Dev2/JobPulse/backend/venv/lib/python3.13/site-packages/django/apps/registry.py", line 138, in check_apps_ready
    raise AppRegistryNotReady("Apps aren't loaded yet.")
django.core.exceptions.AppRegistryNotReady: Apps aren't loaded yet.
ERROR 2026-01-02 20:57:37,551 signal 2456 8654178368 Signal handler <promise@0x1024c4690 --> <bound method Celery._autodiscover_tasks of <Celery jobpulse at 0x1024c1160>>> raised: AppRegistryNotReady("Apps aren't loaded yet.")
Traceback (most recent call last):
  File "/Users/islam/Dev2/JobPulse/backend/venv/lib/python3.13/site-packages/celery/utils/dispatch/signal.py", line 276, in send
    response = receiver(signal=self, sender=sender, **named)
  File "/Users/islam/Dev2/JobPulse/backend/venv/lib/python3.13/site-packages/vine/promises.py", line 161, in __call__
    return self.throw()
           ~~~~~~~~~~^^
  File "/Users/islam/Dev2/JobPulse/backend/venv/lib/python3.13/site-packages/vine/promises.py", line 158, in __call__
    retval = fun(*final_args, **final_kwargs)
  File "/Users/islam/Dev2/JobPulse/backend/venv/lib/python3.13/site-packages/celery/app/base.py", line 694, in _autodiscover_tasks
    return self._autodiscover_tasks_from_fixups(related_name)
           ~~~~~~~~~~~~~~~~~~~~~~~~~~~~~~~~~~~~^^^^^^^^^^^^^^
  File "/Users/islam/Dev2/JobPulse/backend/venv/lib/python3.13/site-packages/celery/app/base.py", line 706, in _autodiscover_tasks_from_fixups
    for pkg in fixup.autodiscover_tasks()
               ~~~~~~~~~~~~~~~~~~~~~~~~^^
  File "/Users/islam/Dev2/JobPulse/backend/venv/lib/python3.13/site-packages/celery/fixups/django.py", line 110, in autodiscover_tasks
    return [config.name for config in apps.get_app_configs()]
                                      ~~~~~~~~~~~~~~~~~~~~^^
  File "/Users/islam/Dev2/JobPulse/backend/venv/lib/python3.13/site-packages/django/apps/registry.py", line 147, in get_app_configs
    self.check_apps_ready()
    ~~~~~~~~~~~~~~~~~~~~~^^
  File "/Users/islam/Dev2/JobPulse/backend/venv/lib/python3.13/site-packages/django/apps/registry.py", line 138, in check_apps_ready
    raise AppRegistryNotReady("Apps aren't loaded yet.")
django.core.exceptions.AppRegistryNotReady: Apps aren't loaded yet.
ERROR 2026-01-02 20:58:10,837 signal 2689 8654178368 Signal handler <bound method DjangoFixup.on_import_modules of <celery.fixups.django.DjangoFixup object at 0x1071f1a90>> raised: ModuleNotFoundError("No module named 'django_filters'")
Traceback (most recent call last):
  File "/Users/islam/Dev2/JobPulse/backend/venv/lib/python3.13/site-packages/celery/utils/dispatch/signal.py", line 276, in send
    response = receiver(signal=self, sender=sender, **named)
  File "/Users/islam/Dev2/JobPulse/backend/venv/lib/python3.13/site-packages/celery/fixups/django.py", line 100, in on_import_modules
    self.worker_fixup.validate_models()
    ~~~~~~~~~~~~~~~~~~~~~~~~~~~~~~~~~^^
  File "/Users/islam/Dev2/JobPulse/backend/venv/lib/python3.13/site-packages/celery/fixups/django.py", line 138, in validate_models
    self.django_setup()
    ~~~~~~~~~~~~~~~~~^^
  File "/Users/islam/Dev2/JobPulse/backend/venv/lib/python3.13/site-packages/celery/fixups/django.py", line 134, in django_setup
    django.setup()
    ~~~~~~~~~~~~^^
  File "/Users/islam/Dev2/JobPulse/backend/venv/lib/python3.13/site-packages/django/__init__.py", line 24, in setup
    apps.populate(settings.INSTALLED_APPS)
    ~~~~~~~~~~~~~^^^^^^^^^^^^^^^^^^^^^^^^^
  File "/Users/islam/Dev2/JobPulse/backend/venv/lib/python3.13/site-packages/django/apps/registry.py", line 91, in populate
    app_config = AppConfig.create(entry)
  File "/Users/islam/Dev2/JobPulse/backend/venv/lib/python3.13/site-packages/django/apps/config.py", line 193, in create
    import_module(entry)
    ~~~~~~~~~~~~~^^^^^^^
  File "/Library/Frameworks/Python.framework/Versions/3.13/lib/python3.13/importlib/__init__.py", line 88, in import_module
    return _bootstrap._gcd_import(name[level:], package, level)
           ~~~~~~~~~~~~~~~~~~~~~~^^^^^^^^^^^^^^^^^^^^^^^^^^^^^^
  File "<frozen importlib._bootstrap>", line 1387, in _gcd_import
  File "<frozen importlib._bootstrap>", line 1360, in _find_and_load
  File "<frozen importlib._bootstrap>", line 1324, in _find_and_load_unlocked
ModuleNotFoundError: No module named 'django_filters'
ERROR 2026-01-02 20:58:10,837 signal 2694 8654178368 Signal handler <bound method DjangoFixup.on_import_modules of <celery.fixups.django.DjangoFixup object at 0x106cf1a90>> raised: ModuleNotFoundError("No module named 'django_filters'")
Traceback (most recent call last):
  File "/Users/islam/Dev2/JobPulse/backend/venv/lib/python3.13/site-packages/celery/utils/dispatch/signal.py", line 276, in send
    response = receiver(signal=self, sender=sender, **named)
  File "/Users/islam/Dev2/JobPulse/backend/venv/lib/python3.13/site-packages/celery/fixups/django.py", line 100, in on_import_modules
    self.worker_fixup.validate_models()
    ~~~~~~~~~~~~~~~~~~~~~~~~~~~~~~~~~^^
  File "/Users/islam/Dev2/JobPulse/backend/venv/lib/python3.13/site-packages/celery/fixups/django.py", line 138, in validate_models
    self.django_setup()
    ~~~~~~~~~~~~~~~~~^^
  File "/Users/islam/Dev2/JobPulse/backend/venv/lib/python3.13/site-packages/celery/fixups/django.py", line 134, in django_setup
    django.setup()
    ~~~~~~~~~~~~^^
  File "/Users/islam/Dev2/JobPulse/backend/venv/lib/python3.13/site-packages/django/__init__.py", line 24, in setup
    apps.populate(settings.INSTALLED_APPS)
    ~~~~~~~~~~~~~^^^^^^^^^^^^^^^^^^^^^^^^^
  File "/Users/islam/Dev2/JobPulse/backend/venv/lib/python3.13/site-packages/django/apps/registry.py", line 91, in populate
    app_config = AppConfig.create(entry)
  File "/Users/islam/Dev2/JobPulse/backend/venv/lib/python3.13/site-packages/django/apps/config.py", line 193, in create
    import_module(entry)
    ~~~~~~~~~~~~~^^^^^^^
  File "/Library/Frameworks/Python.framework/Versions/3.13/lib/python3.13/importlib/__init__.py", line 88, in import_module
    return _bootstrap._gcd_import(name[level:], package, level)
           ~~~~~~~~~~~~~~~~~~~~~~^^^^^^^^^^^^^^^^^^^^^^^^^^^^^^
  File "<frozen importlib._bootstrap>", line 1387, in _gcd_import
  File "<frozen importlib._bootstrap>", line 1360, in _find_and_load
  File "<frozen importlib._bootstrap>", line 1324, in _find_and_load_unlocked
ModuleNotFoundError: No module named 'django_filters'
ERROR 2026-01-02 20:58:10,838 signal 2689 8654178368 Signal handler <promise@0x1071f4690 --> <bound method Celery._autodiscover_tasks of <Celery jobpulse at 0x1071f1160>>> raised: AppRegistryNotReady("Apps aren't loaded yet.")
Traceback (most recent call last):
  File "/Users/islam/Dev2/JobPulse/backend/venv/lib/python3.13/site-packages/celery/utils/dispatch/signal.py", line 276, in send
    response = receiver(signal=self, sender=sender, **named)
  File "/Users/islam/Dev2/JobPulse/backend/venv/lib/python3.13/site-packages/vine/promises.py", line 161, in __call__
    return self.throw()
           ~~~~~~~~~~^^
  File "/Users/islam/Dev2/JobPulse/backend/venv/lib/python3.13/site-packages/vine/promises.py", line 158, in __call__
    retval = fun(*final_args, **final_kwargs)
  File "/Users/islam/Dev2/JobPulse/backend/venv/lib/python3.13/site-packages/celery/app/base.py", line 694, in _autodiscover_tasks
    return self._autodiscover_tasks_from_fixups(related_name)
           ~~~~~~~~~~~~~~~~~~~~~~~~~~~~~~~~~~~~^^^^^^^^^^^^^^
  File "/Users/islam/Dev2/JobPulse/backend/venv/lib/python3.13/site-packages/celery/app/base.py", line 706, in _autodiscover_tasks_from_fixups
    for pkg in fixup.autodiscover_tasks()
               ~~~~~~~~~~~~~~~~~~~~~~~~^^
  File "/Users/islam/Dev2/JobPulse/backend/venv/lib/python3.13/site-packages/celery/fixups/django.py", line 110, in autodiscover_tasks
    return [config.name for config in apps.get_app_configs()]
                                      ~~~~~~~~~~~~~~~~~~~~^^
  File "/Users/islam/Dev2/JobPulse/backend/venv/lib/python3.13/site-packages/django/apps/registry.py", line 147, in get_app_configs
    self.check_apps_ready()
    ~~~~~~~~~~~~~~~~~~~~~^^
  File "/Users/islam/Dev2/JobPulse/backend/venv/lib/python3.13/site-packages/django/apps/registry.py", line 138, in check_apps_ready
    raise AppRegistryNotReady("Apps aren't loaded yet.")
django.core.exceptions.AppRegistryNotReady: Apps aren't loaded yet.
ERROR 2026-01-02 20:58:10,838 signal 2694 8654178368 Signal handler <promise@0x106cf4690 --> <bound method Celery._autodiscover_tasks of <Celery jobpulse at 0x106cf1160>>> raised: AppRegistryNotReady("Apps aren't loaded yet.")
Traceback (most recent call last):
  File "/Users/islam/Dev2/JobPulse/backend/venv/lib/python3.13/site-packages/celery/utils/dispatch/signal.py", line 276, in send
    response = receiver(signal=self, sender=sender, **named)
  File "/Users/islam/Dev2/JobPulse/backend/venv/lib/python3.13/site-packages/vine/promises.py", line 161, in __call__
    return self.throw()
           ~~~~~~~~~~^^
  File "/Users/islam/Dev2/JobPulse/backend/venv/lib/python3.13/site-packages/vine/promises.py", line 158, in __call__
    retval = fun(*final_args, **final_kwargs)
  File "/Users/islam/Dev2/JobPulse/backend/venv/lib/python3.13/site-packages/celery/app/base.py", line 694, in _autodiscover_tasks
    return self._autodiscover_tasks_from_fixups(related_name)
           ~~~~~~~~~~~~~~~~~~~~~~~~~~~~~~~~~~~~^^^^^^^^^^^^^^
  File "/Users/islam/Dev2/JobPulse/backend/venv/lib/python3.13/site-packages/celery/app/base.py", line 706, in _autodiscover_tasks_from_fixups
    for pkg in fixup.autodiscover_tasks()
               ~~~~~~~~~~~~~~~~~~~~~~~~^^
  File "/Users/islam/Dev2/JobPulse/backend/venv/lib/python3.13/site-packages/celery/fixups/django.py", line 110, in autodiscover_tasks
    return [config.name for config in apps.get_app_configs()]
                                      ~~~~~~~~~~~~~~~~~~~~^^
  File "/Users/islam/Dev2/JobPulse/backend/venv/lib/python3.13/site-packages/django/apps/registry.py", line 147, in get_app_configs
    self.check_apps_ready()
    ~~~~~~~~~~~~~~~~~~~~~^^
  File "/Users/islam/Dev2/JobPulse/backend/venv/lib/python3.13/site-packages/django/apps/registry.py", line 138, in check_apps_ready
    raise AppRegistryNotReady("Apps aren't loaded yet.")
django.core.exceptions.AppRegistryNotReady: Apps aren't loaded yet.
ERROR 2026-01-02 22:15:49,959 log 5594 6164131840 Internal Server Error: /admin/broadcastprompt/broadcastmessage/
Traceback (most recent call last):
  File "/Users/islam/Dev2/JobPulse/backend/venv/lib/python3.13/site-packages/django/db/models/options.py", line 684, in get_field
    return self.fields_map[field_name]
           ~~~~~~~~~~~~~~~^^^^^^^^^^^^
KeyError: 'status_badge'

During handling of the above exception, another exception occurred:

Traceback (most recent call last):
  File "/Users/islam/Dev2/JobPulse/backend/venv/lib/python3.13/site-packages/django/contrib/admin/utils.py", line 293, in lookup_field
    f = _get_non_gfk_field(opts, name)
  File "/Users/islam/Dev2/JobPulse/backend/venv/lib/python3.13/site-packages/django/contrib/admin/utils.py", line 333, in _get_non_gfk_field
    field = opts.get_field(name)
  File "/Users/islam/Dev2/JobPulse/backend/venv/lib/python3.13/site-packages/django/db/models/options.py", line 686, in get_field
    raise FieldDoesNotExist(
        "%s has no field named '%s'" % (self.object_name, field_name)
    )
django.core.exceptions.FieldDoesNotExist: BroadcastMessage has no field named 'status_badge'

During handling of the above exception, another exception occurred:

Traceback (most recent call last):
  File "/Users/islam/Dev2/JobPulse/backend/venv/lib/python3.13/site-packages/django/core/handlers/exception.py", line 55, in inner
    response = get_response(request)
  File "/Users/islam/Dev2/JobPulse/backend/venv/lib/python3.13/site-packages/django/core/handlers/base.py", line 221, in _get_response
    response = response.render()
  File "/Users/islam/Dev2/JobPulse/backend/venv/lib/python3.13/site-packages/django/template/response.py", line 114, in render
    self.content = self.rendered_content
                   ^^^^^^^^^^^^^^^^^^^^^
  File "/Users/islam/Dev2/JobPulse/backend/venv/lib/python3.13/site-packages/django/template/response.py", line 92, in rendered_content
    return template.render(context, self._request)
           ~~~~~~~~~~~~~~~^^^^^^^^^^^^^^^^^^^^^^^^
  File "/Users/islam/Dev2/JobPulse/backend/venv/lib/python3.13/site-packages/django/template/backends/django.py", line 107, in render
    return self.template.render(context)
           ~~~~~~~~~~~~~~~~~~~~^^^^^^^^^
  File "/Users/islam/Dev2/JobPulse/backend/venv/lib/python3.13/site-packages/django/template/base.py", line 174, in render
    return self._render(context)
           ~~~~~~~~~~~~^^^^^^^^^
  File "/Users/islam/Dev2/JobPulse/backend/venv/lib/python3.13/site-packages/django/test/utils.py", line 114, in instrumented_test_render
    return self.nodelist.render(context)
           ~~~~~~~~~~~~~~~~~~~~^^^^^^^^^
  File "/Users/islam/Dev2/JobPulse/backend/venv/lib/python3.13/site-packages/django/template/base.py", line 1091, in render
    return SafeString("".join([node.render_annotated(context) for node in self]))
                               ~~~~~~~~~~~~~~~~~~~~~^^^^^^^^^
  File "/Users/islam/Dev2/JobPulse/backend/venv/lib/python3.13/site-packages/django/template/base.py", line 1052, in render_annotated
    return self.render(context)
           ~~~~~~~~~~~^^^^^^^^^
  File "/Users/islam/Dev2/JobPulse/backend/venv/lib/python3.13/site-packages/django/template/loader_tags.py", line 160, in render
    return compiled_parent._render(context)
           ~~~~~~~~~~~~~~~~~~~~~~~^^^^^^^^^
  File "/Users/islam/Dev2/JobPulse/backend/venv/lib/python3.13/site-packages/django/test/utils.py", line 114, in instrumented_test_render
    return self.nodelist.render(context)
           ~~~~~~~~~~~~~~~~~~~~^^^^^^^^^
  File "/Users/islam/Dev2/JobPulse/backend/venv/lib/python3.13/site-packages/django/template/base.py", line 1091, in render
    return SafeString("".join([node.render_annotated(context) for node in self]))
                               ~~~~~~~~~~~~~~~~~~~~~^^^^^^^^^
  File "/Users/islam/Dev2/JobPulse/backend/venv/lib/python3.13/site-packages/django/template/base.py", line 1052, in render_annotated
    return self.render(context)
           ~~~~~~~~~~~^^^^^^^^^
  File "/Users/islam/Dev2/JobPulse/backend/venv/lib/python3.13/site-packages/django/template/loader_tags.py", line 160, in render
    return compiled_parent._render(context)
           ~~~~~~~~~~~~~~~~~~~~~~~^^^^^^^^^
  File "/Users/islam/Dev2/JobPulse/backend/venv/lib/python3.13/site-packages/django/test/utils.py", line 114, in instrumented_test_render
    return self.nodelist.render(context)
           ~~~~~~~~~~~~~~~~~~~~^^^^^^^^^
  File "/Users/islam/Dev2/JobPulse/backend/venv/lib/python3.13/site-packages/django/template/base.py", line 1091, in render
    return SafeString("".join([node.render_annotated(context) for node in self]))
                               ~~~~~~~~~~~~~~~~~~~~~^^^^^^^^^
  File "/Users/islam/Dev2/JobPulse/backend/venv/lib/python3.13/site-packages/django/template/base.py", line 1052, in render_annotated
    return self.render(context)
           ~~~~~~~~~~~^^^^^^^^^
  File "/Users/islam/Dev2/JobPulse/backend/venv/lib/python3.13/site-packages/django/template/loader_tags.py", line 66, in render
    result = block.nodelist.render(context)
  File "/Users/islam/Dev2/JobPulse/backend/venv/lib/python3.13/site-packages/django/template/base.py", line 1091, in render
    return SafeString("".join([node.render_annotated(context) for node in self]))
                               ~~~~~~~~~~~~~~~~~~~~~^^^^^^^^^
  File "/Users/islam/Dev2/JobPulse/backend/venv/lib/python3.13/site-packages/django/template/base.py", line 1052, in render_annotated
    return self.render(context)
           ~~~~~~~~~~~^^^^^^^^^
  File "/Users/islam/Dev2/JobPulse/backend/venv/lib/python3.13/site-packages/django/template/loader_tags.py", line 66, in render
    result = block.nodelist.render(context)
  File "/Users/islam/Dev2/JobPulse/backend/venv/lib/python3.13/site-packages/django/template/base.py", line 1091, in render
    return SafeString("".join([node.render_annotated(context) for node in self]))
                               ~~~~~~~~~~~~~~~~~~~~~^^^^^^^^^
  File "/Users/islam/Dev2/JobPulse/backend/venv/lib/python3.13/site-packages/django/template/base.py", line 1052, in render_annotated
    return self.render(context)
           ~~~~~~~~~~~^^^^^^^^^
  File "/Users/islam/Dev2/JobPulse/backend/venv/lib/python3.13/site-packages/django/template/loader_tags.py", line 66, in render
    result = block.nodelist.render(context)
  File "/Users/islam/Dev2/JobPulse/backend/venv/lib/python3.13/site-packages/django/template/base.py", line 1091, in render
    return SafeString("".join([node.render_annotated(context) for node in self]))
                               ~~~~~~~~~~~~~~~~~~~~~^^^^^^^^^
  File "/Users/islam/Dev2/JobPulse/backend/venv/lib/python3.13/site-packages/django/template/base.py", line 1052, in render_annotated
    return self.render(context)
           ~~~~~~~~~~~^^^^^^^^^
  File "/Users/islam/Dev2/JobPulse/backend/venv/lib/python3.13/site-packages/django/contrib/admin/templatetags/base.py", line 47, in render
    return super().render(context)
           ~~~~~~~~~~~~~~^^^^^^^^^
  File "/Users/islam/Dev2/JobPulse/backend/venv/lib/python3.13/site-packages/django/template/library.py", line 363, in render
    _dict = self.func(*resolved_args, **resolved_kwargs)
  File "/Users/islam/Dev2/JobPulse/backend/venv/lib/python3.13/site-packages/django/contrib/admin/templatetags/admin_list.py", line 357, in result_list
    "results": list(results(cl)),
               ~~~~^^^^^^^^^^^^^
  File "/Users/islam/Dev2/JobPulse/backend/venv/lib/python3.13/site-packages/django/contrib/admin/templatetags/admin_list.py", line 333, in results
    yield ResultList(None, items_for_result(cl, res, None))
          ~~~~~~~~~~^^^^^^^^^^^^^^^^^^^^^^^^^^^^^^^^^^^^^^^
  File "/Users/islam/Dev2/JobPulse/backend/venv/lib/python3.13/site-packages/django/contrib/admin/templatetags/admin_list.py", line 324, in __init__
    super().__init__(*items)
    ~~~~~~~~~~~~~~~~^^^^^^^^
  File "/Users/islam/Dev2/JobPulse/backend/venv/lib/python3.13/site-packages/django/contrib/admin/templatetags/admin_list.py", line 221, in items_for_result
    f, attr, value = lookup_field(field_name, result, cl.model_admin)
                     ~~~~~~~~~~~~^^^^^^^^^^^^^^^^^^^^^^^^^^^^^^^^^^^^
  File "/Users/islam/Dev2/JobPulse/backend/venv/lib/python3.13/site-packages/django/contrib/admin/utils.py", line 302, in lookup_field
    value = attr(obj)
  File "/Users/islam/Dev2/JobPulse/backend/apps/broadcastprompt/admin.py", line 50, in status_badge
    return format_html(
        '<span style="color: orange; font-weight: bold;">● Черновик</span>'
    )
  File "/Users/islam/Dev2/JobPulse/backend/venv/lib/python3.13/site-packages/django/utils/html.py", line 137, in format_html
    raise TypeError("args or kwargs must be provided.")
TypeError: args or kwargs must be provided.
ERROR 2026-01-02 22:15:49,962 log 5594 6164131840 "GET /admin/broadcastprompt/broadcastmessage/ HTTP/1.1" 500 435992
ERROR 2026-01-02 22:17:15,182 log 5697 6202241024 Internal Server Error: /admin/broadcastprompt/broadcastmessage/
Traceback (most recent call last):
  File "/Users/islam/Dev2/JobPulse/backend/venv/lib/python3.13/site-packages/django/db/models/options.py", line 684, in get_field
    return self.fields_map[field_name]
           ~~~~~~~~~~~~~~~^^^^^^^^^^^^
KeyError: 'status_badge'

During handling of the above exception, another exception occurred:

Traceback (most recent call last):
  File "/Users/islam/Dev2/JobPulse/backend/venv/lib/python3.13/site-packages/django/contrib/admin/utils.py", line 293, in lookup_field
    f = _get_non_gfk_field(opts, name)
  File "/Users/islam/Dev2/JobPulse/backend/venv/lib/python3.13/site-packages/django/contrib/admin/utils.py", line 333, in _get_non_gfk_field
    field = opts.get_field(name)
  File "/Users/islam/Dev2/JobPulse/backend/venv/lib/python3.13/site-packages/django/db/models/options.py", line 686, in get_field
    raise FieldDoesNotExist(
        "%s has no field named '%s'" % (self.object_name, field_name)
    )
django.core.exceptions.FieldDoesNotExist: BroadcastMessage has no field named 'status_badge'

During handling of the above exception, another exception occurred:

Traceback (most recent call last):
  File "/Users/islam/Dev2/JobPulse/backend/venv/lib/python3.13/site-packages/django/core/handlers/exception.py", line 55, in inner
    response = get_response(request)
  File "/Users/islam/Dev2/JobPulse/backend/venv/lib/python3.13/site-packages/django/core/handlers/base.py", line 221, in _get_response
    response = response.render()
  File "/Users/islam/Dev2/JobPulse/backend/venv/lib/python3.13/site-packages/django/template/response.py", line 114, in render
    self.content = self.rendered_content
                   ^^^^^^^^^^^^^^^^^^^^^
  File "/Users/islam/Dev2/JobPulse/backend/venv/lib/python3.13/site-packages/django/template/response.py", line 92, in rendered_content
    return template.render(context, self._request)
           ~~~~~~~~~~~~~~~^^^^^^^^^^^^^^^^^^^^^^^^
  File "/Users/islam/Dev2/JobPulse/backend/venv/lib/python3.13/site-packages/django/template/backends/django.py", line 107, in render
    return self.template.render(context)
           ~~~~~~~~~~~~~~~~~~~~^^^^^^^^^
  File "/Users/islam/Dev2/JobPulse/backend/venv/lib/python3.13/site-packages/django/template/base.py", line 174, in render
    return self._render(context)
           ~~~~~~~~~~~~^^^^^^^^^
  File "/Users/islam/Dev2/JobPulse/backend/venv/lib/python3.13/site-packages/django/test/utils.py", line 114, in instrumented_test_render
    return self.nodelist.render(context)
           ~~~~~~~~~~~~~~~~~~~~^^^^^^^^^
  File "/Users/islam/Dev2/JobPulse/backend/venv/lib/python3.13/site-packages/django/template/base.py", line 1091, in render
    return SafeString("".join([node.render_annotated(context) for node in self]))
                               ~~~~~~~~~~~~~~~~~~~~~^^^^^^^^^
  File "/Users/islam/Dev2/JobPulse/backend/venv/lib/python3.13/site-packages/django/template/base.py", line 1052, in render_annotated
    return self.render(context)
           ~~~~~~~~~~~^^^^^^^^^
  File "/Users/islam/Dev2/JobPulse/backend/venv/lib/python3.13/site-packages/django/template/loader_tags.py", line 160, in render
    return compiled_parent._render(context)
           ~~~~~~~~~~~~~~~~~~~~~~~^^^^^^^^^
  File "/Users/islam/Dev2/JobPulse/backend/venv/lib/python3.13/site-packages/django/test/utils.py", line 114, in instrumented_test_render
    return self.nodelist.render(context)
           ~~~~~~~~~~~~~~~~~~~~^^^^^^^^^
  File "/Users/islam/Dev2/JobPulse/backend/venv/lib/python3.13/site-packages/django/template/base.py", line 1091, in render
    return SafeString("".join([node.render_annotated(context) for node in self]))
                               ~~~~~~~~~~~~~~~~~~~~~^^^^^^^^^
  File "/Users/islam/Dev2/JobPulse/backend/venv/lib/python3.13/site-packages/django/template/base.py", line 1052, in render_annotated
    return self.render(context)
           ~~~~~~~~~~~^^^^^^^^^
  File "/Users/islam/Dev2/JobPulse/backend/venv/lib/python3.13/site-packages/django/template/loader_tags.py", line 160, in render
    return compiled_parent._render(context)
           ~~~~~~~~~~~~~~~~~~~~~~~^^^^^^^^^
  File "/Users/islam/Dev2/JobPulse/backend/venv/lib/python3.13/site-packages/django/test/utils.py", line 114, in instrumented_test_render
    return self.nodelist.render(context)
           ~~~~~~~~~~~~~~~~~~~~^^^^^^^^^
  File "/Users/islam/Dev2/JobPulse/backend/venv/lib/python3.13/site-packages/django/template/base.py", line 1091, in render
    return SafeString("".join([node.render_annotated(context) for node in self]))
                               ~~~~~~~~~~~~~~~~~~~~~^^^^^^^^^
  File "/Users/islam/Dev2/JobPulse/backend/venv/lib/python3.13/site-packages/django/template/base.py", line 1052, in render_annotated
    return self.render(context)
           ~~~~~~~~~~~^^^^^^^^^
  File "/Users/islam/Dev2/JobPulse/backend/venv/lib/python3.13/site-packages/django/template/loader_tags.py", line 66, in render
    result = block.nodelist.render(context)
  File "/Users/islam/Dev2/JobPulse/backend/venv/lib/python3.13/site-packages/django/template/base.py", line 1091, in render
    return SafeString("".join([node.render_annotated(context) for node in self]))
                               ~~~~~~~~~~~~~~~~~~~~~^^^^^^^^^
  File "/Users/islam/Dev2/JobPulse/backend/venv/lib/python3.13/site-packages/django/template/base.py", line 1052, in render_annotated
    return self.render(context)
           ~~~~~~~~~~~^^^^^^^^^
  File "/Users/islam/Dev2/JobPulse/backend/venv/lib/python3.13/site-packages/django/template/loader_tags.py", line 66, in render
    result = block.nodelist.render(context)
  File "/Users/islam/Dev2/JobPulse/backend/venv/lib/python3.13/site-packages/django/template/base.py", line 1091, in render
    return SafeString("".join([node.render_annotated(context) for node in self]))
                               ~~~~~~~~~~~~~~~~~~~~~^^^^^^^^^
  File "/Users/islam/Dev2/JobPulse/backend/venv/lib/python3.13/site-packages/django/template/base.py", line 1052, in render_annotated
    return self.render(context)
           ~~~~~~~~~~~^^^^^^^^^
  File "/Users/islam/Dev2/JobPulse/backend/venv/lib/python3.13/site-packages/django/template/loader_tags.py", line 66, in render
    result = block.nodelist.render(context)
  File "/Users/islam/Dev2/JobPulse/backend/venv/lib/python3.13/site-packages/django/template/base.py", line 1091, in render
    return SafeString("".join([node.render_annotated(context) for node in self]))
                               ~~~~~~~~~~~~~~~~~~~~~^^^^^^^^^
  File "/Users/islam/Dev2/JobPulse/backend/venv/lib/python3.13/site-packages/django/template/base.py", line 1052, in render_annotated
    return self.render(context)
           ~~~~~~~~~~~^^^^^^^^^
  File "/Users/islam/Dev2/JobPulse/backend/venv/lib/python3.13/site-packages/django/contrib/admin/templatetags/base.py", line 47, in render
    return super().render(context)
           ~~~~~~~~~~~~~~^^^^^^^^^
  File "/Users/islam/Dev2/JobPulse/backend/venv/lib/python3.13/site-packages/django/template/library.py", line 363, in render
    _dict = self.func(*resolved_args, **resolved_kwargs)
  File "/Users/islam/Dev2/JobPulse/backend/venv/lib/python3.13/site-packages/django/contrib/admin/templatetags/admin_list.py", line 357, in result_list
    "results": list(results(cl)),
               ~~~~^^^^^^^^^^^^^
  File "/Users/islam/Dev2/JobPulse/backend/venv/lib/python3.13/site-packages/django/contrib/admin/templatetags/admin_list.py", line 333, in results
    yield ResultList(None, items_for_result(cl, res, None))
          ~~~~~~~~~~^^^^^^^^^^^^^^^^^^^^^^^^^^^^^^^^^^^^^^^
  File "/Users/islam/Dev2/JobPulse/backend/venv/lib/python3.13/site-packages/django/contrib/admin/templatetags/admin_list.py", line 324, in __init__
    super().__init__(*items)
    ~~~~~~~~~~~~~~~~^^^^^^^^
  File "/Users/islam/Dev2/JobPulse/backend/venv/lib/python3.13/site-packages/django/contrib/admin/templatetags/admin_list.py", line 221, in items_for_result
    f, attr, value = lookup_field(field_name, result, cl.model_admin)
                     ~~~~~~~~~~~~^^^^^^^^^^^^^^^^^^^^^^^^^^^^^^^^^^^^
  File "/Users/islam/Dev2/JobPulse/backend/venv/lib/python3.13/site-packages/django/contrib/admin/utils.py", line 302, in lookup_field
    value = attr(obj)
  File "/Users/islam/Dev2/JobPulse/backend/apps/broadcastprompt/admin.py", line 50, in status_badge
    return format_html(
        '<span style="color: orange; font-weight: bold;">● Черновик</span>'
    )
  File "/Users/islam/Dev2/JobPulse/backend/venv/lib/python3.13/site-packages/django/utils/html.py", line 137, in format_html
    raise TypeError("args or kwargs must be provided.")
TypeError: args or kwargs must be provided.
ERROR 2026-01-02 22:17:15,186 log 5697 6202241024 "GET /admin/broadcastprompt/broadcastmessage/ HTTP/1.1" 500 435704
ERROR 2026-01-02 22:18:35,721 log 5761 6163247104 Internal Server Error: /admin/broadcastprompt/broadcastmessage/
Traceback (most recent call last):
  File "/Users/islam/Dev2/JobPulse/backend/venv/lib/python3.13/site-packages/django/db/models/options.py", line 684, in get_field
    return self.fields_map[field_name]
           ~~~~~~~~~~~~~~~^^^^^^^^^^^^
KeyError: 'status_badge'

During handling of the above exception, another exception occurred:

Traceback (most recent call last):
  File "/Users/islam/Dev2/JobPulse/backend/venv/lib/python3.13/site-packages/django/contrib/admin/utils.py", line 293, in lookup_field
    f = _get_non_gfk_field(opts, name)
  File "/Users/islam/Dev2/JobPulse/backend/venv/lib/python3.13/site-packages/django/contrib/admin/utils.py", line 333, in _get_non_gfk_field
    field = opts.get_field(name)
  File "/Users/islam/Dev2/JobPulse/backend/venv/lib/python3.13/site-packages/django/db/models/options.py", line 686, in get_field
    raise FieldDoesNotExist(
        "%s has no field named '%s'" % (self.object_name, field_name)
    )
django.core.exceptions.FieldDoesNotExist: BroadcastMessage has no field named 'status_badge'

During handling of the above exception, another exception occurred:

Traceback (most recent call last):
  File "/Users/islam/Dev2/JobPulse/backend/venv/lib/python3.13/site-packages/django/core/handlers/exception.py", line 55, in inner
    response = get_response(request)
  File "/Users/islam/Dev2/JobPulse/backend/venv/lib/python3.13/site-packages/django/core/handlers/base.py", line 221, in _get_response
    response = response.render()
  File "/Users/islam/Dev2/JobPulse/backend/venv/lib/python3.13/site-packages/django/template/response.py", line 114, in render
    self.content = self.rendered_content
                   ^^^^^^^^^^^^^^^^^^^^^
  File "/Users/islam/Dev2/JobPulse/backend/venv/lib/python3.13/site-packages/django/template/response.py", line 92, in rendered_content
    return template.render(context, self._request)
           ~~~~~~~~~~~~~~~^^^^^^^^^^^^^^^^^^^^^^^^
  File "/Users/islam/Dev2/JobPulse/backend/venv/lib/python3.13/site-packages/django/template/backends/django.py", line 107, in render
    return self.template.render(context)
           ~~~~~~~~~~~~~~~~~~~~^^^^^^^^^
  File "/Users/islam/Dev2/JobPulse/backend/venv/lib/python3.13/site-packages/django/template/base.py", line 174, in render
    return self._render(context)
           ~~~~~~~~~~~~^^^^^^^^^
  File "/Users/islam/Dev2/JobPulse/backend/venv/lib/python3.13/site-packages/django/test/utils.py", line 114, in instrumented_test_render
    return self.nodelist.render(context)
           ~~~~~~~~~~~~~~~~~~~~^^^^^^^^^
  File "/Users/islam/Dev2/JobPulse/backend/venv/lib/python3.13/site-packages/django/template/base.py", line 1091, in render
    return SafeString("".join([node.render_annotated(context) for node in self]))
                               ~~~~~~~~~~~~~~~~~~~~~^^^^^^^^^
  File "/Users/islam/Dev2/JobPulse/backend/venv/lib/python3.13/site-packages/django/template/base.py", line 1052, in render_annotated
    return self.render(context)
           ~~~~~~~~~~~^^^^^^^^^
  File "/Users/islam/Dev2/JobPulse/backend/venv/lib/python3.13/site-packages/django/template/loader_tags.py", line 160, in render
    return compiled_parent._render(context)
           ~~~~~~~~~~~~~~~~~~~~~~~^^^^^^^^^
  File "/Users/islam/Dev2/JobPulse/backend/venv/lib/python3.13/site-packages/django/test/utils.py", line 114, in instrumented_test_render
    return self.nodelist.render(context)
           ~~~~~~~~~~~~~~~~~~~~^^^^^^^^^
  File "/Users/islam/Dev2/JobPulse/backend/venv/lib/python3.13/site-packages/django/template/base.py", line 1091, in render
    return SafeString("".join([node.render_annotated(context) for node in self]))
                               ~~~~~~~~~~~~~~~~~~~~~^^^^^^^^^
  File "/Users/islam/Dev2/JobPulse/backend/venv/lib/python3.13/site-packages/django/template/base.py", line 1052, in render_annotated
    return self.render(context)
           ~~~~~~~~~~~^^^^^^^^^
  File "/Users/islam/Dev2/JobPulse/backend/venv/lib/python3.13/site-packages/django/template/loader_tags.py", line 160, in render
    return compiled_parent._render(context)
           ~~~~~~~~~~~~~~~~~~~~~~~^^^^^^^^^
  File "/Users/islam/Dev2/JobPulse/backend/venv/lib/python3.13/site-packages/django/test/utils.py", line 114, in instrumented_test_render
    return self.nodelist.render(context)
           ~~~~~~~~~~~~~~~~~~~~^^^^^^^^^
  File "/Users/islam/Dev2/JobPulse/backend/venv/lib/python3.13/site-packages/django/template/base.py", line 1091, in render
    return SafeString("".join([node.render_annotated(context) for node in self]))
                               ~~~~~~~~~~~~~~~~~~~~~^^^^^^^^^
  File "/Users/islam/Dev2/JobPulse/backend/venv/lib/python3.13/site-packages/django/template/base.py", line 1052, in render_annotated
    return self.render(context)
           ~~~~~~~~~~~^^^^^^^^^
  File "/Users/islam/Dev2/JobPulse/backend/venv/lib/python3.13/site-packages/django/template/loader_tags.py", line 66, in render
    result = block.nodelist.render(context)
  File "/Users/islam/Dev2/JobPulse/backend/venv/lib/python3.13/site-packages/django/template/base.py", line 1091, in render
    return SafeString("".join([node.render_annotated(context) for node in self]))
                               ~~~~~~~~~~~~~~~~~~~~~^^^^^^^^^
  File "/Users/islam/Dev2/JobPulse/backend/venv/lib/python3.13/site-packages/django/template/base.py", line 1052, in render_annotated
    return self.render(context)
           ~~~~~~~~~~~^^^^^^^^^
  File "/Users/islam/Dev2/JobPulse/backend/venv/lib/python3.13/site-packages/django/template/loader_tags.py", line 66, in render
    result = block.nodelist.render(context)
  File "/Users/islam/Dev2/JobPulse/backend/venv/lib/python3.13/site-packages/django/template/base.py", line 1091, in render
    return SafeString("".join([node.render_annotated(context) for node in self]))
                               ~~~~~~~~~~~~~~~~~~~~~^^^^^^^^^
  File "/Users/islam/Dev2/JobPulse/backend/venv/lib/python3.13/site-packages/django/template/base.py", line 1052, in render_annotated
    return self.render(context)
           ~~~~~~~~~~~^^^^^^^^^
  File "/Users/islam/Dev2/JobPulse/backend/venv/lib/python3.13/site-packages/django/template/loader_tags.py", line 66, in render
    result = block.nodelist.render(context)
  File "/Users/islam/Dev2/JobPulse/backend/venv/lib/python3.13/site-packages/django/template/base.py", line 1091, in render
    return SafeString("".join([node.render_annotated(context) for node in self]))
                               ~~~~~~~~~~~~~~~~~~~~~^^^^^^^^^
  File "/Users/islam/Dev2/JobPulse/backend/venv/lib/python3.13/site-packages/django/template/base.py", line 1052, in render_annotated
    return self.render(context)
           ~~~~~~~~~~~^^^^^^^^^
  File "/Users/islam/Dev2/JobPulse/backend/venv/lib/python3.13/site-packages/django/contrib/admin/templatetags/base.py", line 47, in render
    return super().render(context)
           ~~~~~~~~~~~~~~^^^^^^^^^
  File "/Users/islam/Dev2/JobPulse/backend/venv/lib/python3.13/site-packages/django/template/library.py", line 363, in render
    _dict = self.func(*resolved_args, **resolved_kwargs)
  File "/Users/islam/Dev2/JobPulse/backend/venv/lib/python3.13/site-packages/django/contrib/admin/templatetags/admin_list.py", line 357, in result_list
    "results": list(results(cl)),
               ~~~~^^^^^^^^^^^^^
  File "/Users/islam/Dev2/JobPulse/backend/venv/lib/python3.13/site-packages/django/contrib/admin/templatetags/admin_list.py", line 333, in results
    yield ResultList(None, items_for_result(cl, res, None))
          ~~~~~~~~~~^^^^^^^^^^^^^^^^^^^^^^^^^^^^^^^^^^^^^^^
  File "/Users/islam/Dev2/JobPulse/backend/venv/lib/python3.13/site-packages/django/contrib/admin/templatetags/admin_list.py", line 324, in __init__
    super().__init__(*items)
    ~~~~~~~~~~~~~~~~^^^^^^^^
  File "/Users/islam/Dev2/JobPulse/backend/venv/lib/python3.13/site-packages/django/contrib/admin/templatetags/admin_list.py", line 221, in items_for_result
    f, attr, value = lookup_field(field_name, result, cl.model_admin)
                     ~~~~~~~~~~~~^^^^^^^^^^^^^^^^^^^^^^^^^^^^^^^^^^^^
  File "/Users/islam/Dev2/JobPulse/backend/venv/lib/python3.13/site-packages/django/contrib/admin/utils.py", line 302, in lookup_field
    value = attr(obj)
  File "/Users/islam/Dev2/JobPulse/backend/apps/broadcastprompt/admin.py", line 50, in status_badge
    return format_html(
        '<span style="color: orange; font-weight: bold;">● Черновик</span>'
    )
  File "/Users/islam/Dev2/JobPulse/backend/venv/lib/python3.13/site-packages/django/utils/html.py", line 137, in format_html
    raise TypeError("args or kwargs must be provided.")
TypeError: args or kwargs must be provided.
ERROR 2026-01-02 22:18:35,724 log 5761 6163247104 "GET /admin/broadcastprompt/broadcastmessage/ HTTP/1.1" 500 435392
ERROR 2026-01-02 22:19:10,532 log 5821 6132412416 Internal Server Error: /admin/broadcastprompt/broadcastmessage/
Traceback (most recent call last):
  File "/Users/islam/Dev2/JobPulse/backend/venv/lib/python3.13/site-packages/django/db/models/options.py", line 684, in get_field
    return self.fields_map[field_name]
           ~~~~~~~~~~~~~~~^^^^^^^^^^^^
KeyError: 'status_badge'

During handling of the above exception, another exception occurred:

Traceback (most recent call last):
  File "/Users/islam/Dev2/JobPulse/backend/venv/lib/python3.13/site-packages/django/contrib/admin/utils.py", line 293, in lookup_field
    f = _get_non_gfk_field(opts, name)
  File "/Users/islam/Dev2/JobPulse/backend/venv/lib/python3.13/site-packages/django/contrib/admin/utils.py", line 333, in _get_non_gfk_field
    field = opts.get_field(name)
  File "/Users/islam/Dev2/JobPulse/backend/venv/lib/python3.13/site-packages/django/db/models/options.py", line 686, in get_field
    raise FieldDoesNotExist(
        "%s has no field named '%s'" % (self.object_name, field_name)
    )
django.core.exceptions.FieldDoesNotExist: BroadcastMessage has no field named 'status_badge'

During handling of the above exception, another exception occurred:

Traceback (most recent call last):
  File "/Users/islam/Dev2/JobPulse/backend/venv/lib/python3.13/site-packages/django/core/handlers/exception.py", line 55, in inner
    response = get_response(request)
  File "/Users/islam/Dev2/JobPulse/backend/venv/lib/python3.13/site-packages/django/core/handlers/base.py", line 221, in _get_response
    response = response.render()
  File "/Users/islam/Dev2/JobPulse/backend/venv/lib/python3.13/site-packages/django/template/response.py", line 114, in render
    self.content = self.rendered_content
                   ^^^^^^^^^^^^^^^^^^^^^
  File "/Users/islam/Dev2/JobPulse/backend/venv/lib/python3.13/site-packages/django/template/response.py", line 92, in rendered_content
    return template.render(context, self._request)
           ~~~~~~~~~~~~~~~^^^^^^^^^^^^^^^^^^^^^^^^
  File "/Users/islam/Dev2/JobPulse/backend/venv/lib/python3.13/site-packages/django/template/backends/django.py", line 107, in render
    return self.template.render(context)
           ~~~~~~~~~~~~~~~~~~~~^^^^^^^^^
  File "/Users/islam/Dev2/JobPulse/backend/venv/lib/python3.13/site-packages/django/template/base.py", line 174, in render
    return self._render(context)
           ~~~~~~~~~~~~^^^^^^^^^
  File "/Users/islam/Dev2/JobPulse/backend/venv/lib/python3.13/site-packages/django/test/utils.py", line 114, in instrumented_test_render
    return self.nodelist.render(context)
           ~~~~~~~~~~~~~~~~~~~~^^^^^^^^^
  File "/Users/islam/Dev2/JobPulse/backend/venv/lib/python3.13/site-packages/django/template/base.py", line 1091, in render
    return SafeString("".join([node.render_annotated(context) for node in self]))
                               ~~~~~~~~~~~~~~~~~~~~~^^^^^^^^^
  File "/Users/islam/Dev2/JobPulse/backend/venv/lib/python3.13/site-packages/django/template/base.py", line 1052, in render_annotated
    return self.render(context)
           ~~~~~~~~~~~^^^^^^^^^
  File "/Users/islam/Dev2/JobPulse/backend/venv/lib/python3.13/site-packages/django/template/loader_tags.py", line 160, in render
    return compiled_parent._render(context)
           ~~~~~~~~~~~~~~~~~~~~~~~^^^^^^^^^
  File "/Users/islam/Dev2/JobPulse/backend/venv/lib/python3.13/site-packages/django/test/utils.py", line 114, in instrumented_test_render
    return self.nodelist.render(context)
           ~~~~~~~~~~~~~~~~~~~~^^^^^^^^^
  File "/Users/islam/Dev2/JobPulse/backend/venv/lib/python3.13/site-packages/django/template/base.py", line 1091, in render
    return SafeString("".join([node.render_annotated(context) for node in self]))
                               ~~~~~~~~~~~~~~~~~~~~~^^^^^^^^^
  File "/Users/islam/Dev2/JobPulse/backend/venv/lib/python3.13/site-packages/django/template/base.py", line 1052, in render_annotated
    return self.render(context)
           ~~~~~~~~~~~^^^^^^^^^
  File "/Users/islam/Dev2/JobPulse/backend/venv/lib/python3.13/site-packages/django/template/loader_tags.py", line 160, in render
    return compiled_parent._render(context)
           ~~~~~~~~~~~~~~~~~~~~~~~^^^^^^^^^
  File "/Users/islam/Dev2/JobPulse/backend/venv/lib/python3.13/site-packages/django/test/utils.py", line 114, in instrumented_test_render
    return self.nodelist.render(context)
           ~~~~~~~~~~~~~~~~~~~~^^^^^^^^^
  File "/Users/islam/Dev2/JobPulse/backend/venv/lib/python3.13/site-packages/django/template/base.py", line 1091, in render
    return SafeString("".join([node.render_annotated(context) for node in self]))
                               ~~~~~~~~~~~~~~~~~~~~~^^^^^^^^^
  File "/Users/islam/Dev2/JobPulse/backend/venv/lib/python3.13/site-packages/django/template/base.py", line 1052, in render_annotated
    return self.render(context)
           ~~~~~~~~~~~^^^^^^^^^
  File "/Users/islam/Dev2/JobPulse/backend/venv/lib/python3.13/site-packages/django/template/loader_tags.py", line 66, in render
    result = block.nodelist.render(context)
  File "/Users/islam/Dev2/JobPulse/backend/venv/lib/python3.13/site-packages/django/template/base.py", line 1091, in render
    return SafeString("".join([node.render_annotated(context) for node in self]))
                               ~~~~~~~~~~~~~~~~~~~~~^^^^^^^^^
  File "/Users/islam/Dev2/JobPulse/backend/venv/lib/python3.13/site-packages/django/template/base.py", line 1052, in render_annotated
    return self.render(context)
           ~~~~~~~~~~~^^^^^^^^^
  File "/Users/islam/Dev2/JobPulse/backend/venv/lib/python3.13/site-packages/django/template/loader_tags.py", line 66, in render
    result = block.nodelist.render(context)
  File "/Users/islam/Dev2/JobPulse/backend/venv/lib/python3.13/site-packages/django/template/base.py", line 1091, in render
    return SafeString("".join([node.render_annotated(context) for node in self]))
                               ~~~~~~~~~~~~~~~~~~~~~^^^^^^^^^
  File "/Users/islam/Dev2/JobPulse/backend/venv/lib/python3.13/site-packages/django/template/base.py", line 1052, in render_annotated
    return self.render(context)
           ~~~~~~~~~~~^^^^^^^^^
  File "/Users/islam/Dev2/JobPulse/backend/venv/lib/python3.13/site-packages/django/template/loader_tags.py", line 66, in render
    result = block.nodelist.render(context)
  File "/Users/islam/Dev2/JobPulse/backend/venv/lib/python3.13/site-packages/django/template/base.py", line 1091, in render
    return SafeString("".join([node.render_annotated(context) for node in self]))
                               ~~~~~~~~~~~~~~~~~~~~~^^^^^^^^^
  File "/Users/islam/Dev2/JobPulse/backend/venv/lib/python3.13/site-packages/django/template/base.py", line 1052, in render_annotated
    return self.render(context)
           ~~~~~~~~~~~^^^^^^^^^
  File "/Users/islam/Dev2/JobPulse/backend/venv/lib/python3.13/site-packages/django/contrib/admin/templatetags/base.py", line 47, in render
    return super().render(context)
           ~~~~~~~~~~~~~~^^^^^^^^^
  File "/Users/islam/Dev2/JobPulse/backend/venv/lib/python3.13/site-packages/django/template/library.py", line 363, in render
    _dict = self.func(*resolved_args, **resolved_kwargs)
  File "/Users/islam/Dev2/JobPulse/backend/venv/lib/python3.13/site-packages/django/contrib/admin/templatetags/admin_list.py", line 357, in result_list
    "results": list(results(cl)),
               ~~~~^^^^^^^^^^^^^
  File "/Users/islam/Dev2/JobPulse/backend/venv/lib/python3.13/site-packages/django/contrib/admin/templatetags/admin_list.py", line 333, in results
    yield ResultList(None, items_for_result(cl, res, None))
          ~~~~~~~~~~^^^^^^^^^^^^^^^^^^^^^^^^^^^^^^^^^^^^^^^
  File "/Users/islam/Dev2/JobPulse/backend/venv/lib/python3.13/site-packages/django/contrib/admin/templatetags/admin_list.py", line 324, in __init__
    super().__init__(*items)
    ~~~~~~~~~~~~~~~~^^^^^^^^
  File "/Users/islam/Dev2/JobPulse/backend/venv/lib/python3.13/site-packages/django/contrib/admin/templatetags/admin_list.py", line 221, in items_for_result
    f, attr, value = lookup_field(field_name, result, cl.model_admin)
                     ~~~~~~~~~~~~^^^^^^^^^^^^^^^^^^^^^^^^^^^^^^^^^^^^
  File "/Users/islam/Dev2/JobPulse/backend/venv/lib/python3.13/site-packages/django/contrib/admin/utils.py", line 302, in lookup_field
    value = attr(obj)
  File "/Users/islam/Dev2/JobPulse/backend/apps/broadcastprompt/admin.py", line 50, in status_badge
    return format_html(
        '<span style="color: orange; font-weight: bold;">● Черновик</span>'
    )
  File "/Users/islam/Dev2/JobPulse/backend/venv/lib/python3.13/site-packages/django/utils/html.py", line 137, in format_html
    raise TypeError("args or kwargs must be provided.")
TypeError: args or kwargs must be provided.
ERROR 2026-01-02 22:19:10,535 log 5821 6132412416 "GET /admin/broadcastprompt/broadcastmessage/ HTTP/1.1" 500 434515
ERROR 2026-01-02 22:19:11,158 log 5821 6132412416 Internal Server Error: /admin/broadcastprompt/broadcastmessage/
Traceback (most recent call last):
  File "/Users/islam/Dev2/JobPulse/backend/venv/lib/python3.13/site-packages/django/db/models/options.py", line 684, in get_field
    return self.fields_map[field_name]
           ~~~~~~~~~~~~~~~^^^^^^^^^^^^
KeyError: 'status_badge'

During handling of the above exception, another exception occurred:

Traceback (most recent call last):
  File "/Users/islam/Dev2/JobPulse/backend/venv/lib/python3.13/site-packages/django/contrib/admin/utils.py", line 293, in lookup_field
    f = _get_non_gfk_field(opts, name)
  File "/Users/islam/Dev2/JobPulse/backend/venv/lib/python3.13/site-packages/django/contrib/admin/utils.py", line 333, in _get_non_gfk_field
    field = opts.get_field(name)
  File "/Users/islam/Dev2/JobPulse/backend/venv/lib/python3.13/site-packages/django/db/models/options.py", line 686, in get_field
    raise FieldDoesNotExist(
        "%s has no field named '%s'" % (self.object_name, field_name)
    )
django.core.exceptions.FieldDoesNotExist: BroadcastMessage has no field named 'status_badge'

During handling of the above exception, another exception occurred:

Traceback (most recent call last):
  File "/Users/islam/Dev2/JobPulse/backend/venv/lib/python3.13/site-packages/django/core/handlers/exception.py", line 55, in inner
    response = get_response(request)
  File "/Users/islam/Dev2/JobPulse/backend/venv/lib/python3.13/site-packages/django/core/handlers/base.py", line 221, in _get_response
    response = response.render()
  File "/Users/islam/Dev2/JobPulse/backend/venv/lib/python3.13/site-packages/django/template/response.py", line 114, in render
    self.content = self.rendered_content
                   ^^^^^^^^^^^^^^^^^^^^^
  File "/Users/islam/Dev2/JobPulse/backend/venv/lib/python3.13/site-packages/django/template/response.py", line 92, in rendered_content
    return template.render(context, self._request)
           ~~~~~~~~~~~~~~~^^^^^^^^^^^^^^^^^^^^^^^^
  File "/Users/islam/Dev2/JobPulse/backend/venv/lib/python3.13/site-packages/django/template/backends/django.py", line 107, in render
    return self.template.render(context)
           ~~~~~~~~~~~~~~~~~~~~^^^^^^^^^
  File "/Users/islam/Dev2/JobPulse/backend/venv/lib/python3.13/site-packages/django/template/base.py", line 174, in render
    return self._render(context)
           ~~~~~~~~~~~~^^^^^^^^^
  File "/Users/islam/Dev2/JobPulse/backend/venv/lib/python3.13/site-packages/django/test/utils.py", line 114, in instrumented_test_render
    return self.nodelist.render(context)
           ~~~~~~~~~~~~~~~~~~~~^^^^^^^^^
  File "/Users/islam/Dev2/JobPulse/backend/venv/lib/python3.13/site-packages/django/template/base.py", line 1091, in render
    return SafeString("".join([node.render_annotated(context) for node in self]))
                               ~~~~~~~~~~~~~~~~~~~~~^^^^^^^^^
  File "/Users/islam/Dev2/JobPulse/backend/venv/lib/python3.13/site-packages/django/template/base.py", line 1052, in render_annotated
    return self.render(context)
           ~~~~~~~~~~~^^^^^^^^^
  File "/Users/islam/Dev2/JobPulse/backend/venv/lib/python3.13/site-packages/django/template/loader_tags.py", line 160, in render
    return compiled_parent._render(context)
           ~~~~~~~~~~~~~~~~~~~~~~~^^^^^^^^^
  File "/Users/islam/Dev2/JobPulse/backend/venv/lib/python3.13/site-packages/django/test/utils.py", line 114, in instrumented_test_render
    return self.nodelist.render(context)
           ~~~~~~~~~~~~~~~~~~~~^^^^^^^^^
  File "/Users/islam/Dev2/JobPulse/backend/venv/lib/python3.13/site-packages/django/template/base.py", line 1091, in render
    return SafeString("".join([node.render_annotated(context) for node in self]))
                               ~~~~~~~~~~~~~~~~~~~~~^^^^^^^^^
  File "/Users/islam/Dev2/JobPulse/backend/venv/lib/python3.13/site-packages/django/template/base.py", line 1052, in render_annotated
    return self.render(context)
           ~~~~~~~~~~~^^^^^^^^^
  File "/Users/islam/Dev2/JobPulse/backend/venv/lib/python3.13/site-packages/django/template/loader_tags.py", line 160, in render
    return compiled_parent._render(context)
           ~~~~~~~~~~~~~~~~~~~~~~~^^^^^^^^^
  File "/Users/islam/Dev2/JobPulse/backend/venv/lib/python3.13/site-packages/django/test/utils.py", line 114, in instrumented_test_render
    return self.nodelist.render(context)
           ~~~~~~~~~~~~~~~~~~~~^^^^^^^^^
  File "/Users/islam/Dev2/JobPulse/backend/venv/lib/python3.13/site-packages/django/template/base.py", line 1091, in render
    return SafeString("".join([node.render_annotated(context) for node in self]))
                               ~~~~~~~~~~~~~~~~~~~~~^^^^^^^^^
  File "/Users/islam/Dev2/JobPulse/backend/venv/lib/python3.13/site-packages/django/template/base.py", line 1052, in render_annotated
    return self.render(context)
           ~~~~~~~~~~~^^^^^^^^^
  File "/Users/islam/Dev2/JobPulse/backend/venv/lib/python3.13/site-packages/django/template/loader_tags.py", line 66, in render
    result = block.nodelist.render(context)
  File "/Users/islam/Dev2/JobPulse/backend/venv/lib/python3.13/site-packages/django/template/base.py", line 1091, in render
    return SafeString("".join([node.render_annotated(context) for node in self]))
                               ~~~~~~~~~~~~~~~~~~~~~^^^^^^^^^
  File "/Users/islam/Dev2/JobPulse/backend/venv/lib/python3.13/site-packages/django/template/base.py", line 1052, in render_annotated
    return self.render(context)
           ~~~~~~~~~~~^^^^^^^^^
  File "/Users/islam/Dev2/JobPulse/backend/venv/lib/python3.13/site-packages/django/template/loader_tags.py", line 66, in render
    result = block.nodelist.render(context)
  File "/Users/islam/Dev2/JobPulse/backend/venv/lib/python3.13/site-packages/django/template/base.py", line 1091, in render
    return SafeString("".join([node.render_annotated(context) for node in self]))
                               ~~~~~~~~~~~~~~~~~~~~~^^^^^^^^^
  File "/Users/islam/Dev2/JobPulse/backend/venv/lib/python3.13/site-packages/django/template/base.py", line 1052, in render_annotated
    return self.render(context)
           ~~~~~~~~~~~^^^^^^^^^
  File "/Users/islam/Dev2/JobPulse/backend/venv/lib/python3.13/site-packages/django/template/loader_tags.py", line 66, in render
    result = block.nodelist.render(context)
  File "/Users/islam/Dev2/JobPulse/backend/venv/lib/python3.13/site-packages/django/template/base.py", line 1091, in render
    return SafeString("".join([node.render_annotated(context) for node in self]))
                               ~~~~~~~~~~~~~~~~~~~~~^^^^^^^^^
  File "/Users/islam/Dev2/JobPulse/backend/venv/lib/python3.13/site-packages/django/template/base.py", line 1052, in render_annotated
    return self.render(context)
           ~~~~~~~~~~~^^^^^^^^^
  File "/Users/islam/Dev2/JobPulse/backend/venv/lib/python3.13/site-packages/django/contrib/admin/templatetags/base.py", line 47, in render
    return super().render(context)
           ~~~~~~~~~~~~~~^^^^^^^^^
  File "/Users/islam/Dev2/JobPulse/backend/venv/lib/python3.13/site-packages/django/template/library.py", line 363, in render
    _dict = self.func(*resolved_args, **resolved_kwargs)
  File "/Users/islam/Dev2/JobPulse/backend/venv/lib/python3.13/site-packages/django/contrib/admin/templatetags/admin_list.py", line 357, in result_list
    "results": list(results(cl)),
               ~~~~^^^^^^^^^^^^^
  File "/Users/islam/Dev2/JobPulse/backend/venv/lib/python3.13/site-packages/django/contrib/admin/templatetags/admin_list.py", line 333, in results
    yield ResultList(None, items_for_result(cl, res, None))
          ~~~~~~~~~~^^^^^^^^^^^^^^^^^^^^^^^^^^^^^^^^^^^^^^^
  File "/Users/islam/Dev2/JobPulse/backend/venv/lib/python3.13/site-packages/django/contrib/admin/templatetags/admin_list.py", line 324, in __init__
    super().__init__(*items)
    ~~~~~~~~~~~~~~~~^^^^^^^^
  File "/Users/islam/Dev2/JobPulse/backend/venv/lib/python3.13/site-packages/django/contrib/admin/templatetags/admin_list.py", line 221, in items_for_result
    f, attr, value = lookup_field(field_name, result, cl.model_admin)
                     ~~~~~~~~~~~~^^^^^^^^^^^^^^^^^^^^^^^^^^^^^^^^^^^^
  File "/Users/islam/Dev2/JobPulse/backend/venv/lib/python3.13/site-packages/django/contrib/admin/utils.py", line 302, in lookup_field
    value = attr(obj)
  File "/Users/islam/Dev2/JobPulse/backend/apps/broadcastprompt/admin.py", line 50, in status_badge
    return format_html(
        '<span style="color: orange; font-weight: bold;">● Черновик</span>'
    )
  File "/Users/islam/Dev2/JobPulse/backend/venv/lib/python3.13/site-packages/django/utils/html.py", line 137, in format_html
    raise TypeError("args or kwargs must be provided.")
TypeError: args or kwargs must be provided.
ERROR 2026-01-02 22:19:11,162 log 5821 6132412416 "GET /admin/broadcastprompt/broadcastmessage/ HTTP/1.1" 500 434515
ERROR 2026-01-02 22:24:34,744 log 5981 6192459776 Internal Server Error: /admin/broadcastprompt/broadcastmessage/8/change/
Traceback (most recent call last):
  File "/Users/islam/Dev2/JobPulse/backend/venv/lib/python3.13/site-packages/django/core/handlers/exception.py", line 55, in inner
    response = get_response(request)
  File "/Users/islam/Dev2/JobPulse/backend/venv/lib/python3.13/site-packages/django/core/handlers/base.py", line 198, in _get_response
    response = wrapped_callback(request, *callback_args, **callback_kwargs)
  File "/Users/islam/Dev2/JobPulse/backend/venv/lib/python3.13/site-packages/django/contrib/admin/options.py", line 710, in wrapper
    return self.admin_site.admin_view(view)(*args, **kwargs)
           ~~~~~~~~~~~~~~~~~~~~~~~~~~~~~~~~^^^^^^^^^^^^^^^^^
  File "/Users/islam/Dev2/JobPulse/backend/venv/lib/python3.13/site-packages/django/utils/decorators.py", line 192, in _view_wrapper
    result = _process_exception(request, e)
  File "/Users/islam/Dev2/JobPulse/backend/venv/lib/python3.13/site-packages/django/utils/decorators.py", line 190, in _view_wrapper
    response = view_func(request, *args, **kwargs)
  File "/Users/islam/Dev2/JobPulse/backend/venv/lib/python3.13/site-packages/django/views/decorators/cache.py", line 80, in _view_wrapper
    response = view_func(request, *args, **kwargs)
  File "/Users/islam/Dev2/JobPulse/backend/venv/lib/python3.13/site-packages/django/contrib/admin/sites.py", line 247, in inner
    return view(request, *args, **kwargs)
  File "/Users/islam/Dev2/JobPulse/backend/venv/lib/python3.13/site-packages/django/contrib/admin/options.py", line 1945, in change_view
    return self.changeform_view(request, object_id, form_url, extra_context)
           ~~~~~~~~~~~~~~~~~~~~^^^^^^^^^^^^^^^^^^^^^^^^^^^^^^^^^^^^^^^^^^^^^
  File "/Users/islam/Dev2/JobPulse/backend/venv/lib/python3.13/site-packages/django/utils/decorators.py", line 48, in _wrapper
    return bound_method(*args, **kwargs)
  File "/Users/islam/Dev2/JobPulse/backend/venv/lib/python3.13/site-packages/django/utils/decorators.py", line 192, in _view_wrapper
    result = _process_exception(request, e)
  File "/Users/islam/Dev2/JobPulse/backend/venv/lib/python3.13/site-packages/django/utils/decorators.py", line 190, in _view_wrapper
    response = view_func(request, *args, **kwargs)
  File "/Users/islam/Dev2/JobPulse/backend/venv/lib/python3.13/site-packages/django/contrib/admin/options.py", line 1801, in changeform_view
    return self._changeform_view(request, object_id, form_url, extra_context)
           ~~~~~~~~~~~~~~~~~~~~~^^^^^^^^^^^^^^^^^^^^^^^^^^^^^^^^^^^^^^^^^^^^^
  File "/Users/islam/Dev2/JobPulse/backend/venv/lib/python3.13/site-packages/django/contrib/admin/options.py", line 1852, in _changeform_view
    self.save_model(request, new_object, form, not add)
    ~~~~~~~~~~~~~~~^^^^^^^^^^^^^^^^^^^^^^^^^^^^^^^^^^^^
  File "/Users/islam/Dev2/JobPulse/backend/venv/lib/python3.13/site-packages/django/contrib/admin/options.py", line 1272, in save_model
    obj.save()
    ~~~~~~~~^^
  File "/Users/islam/Dev2/JobPulse/backend/venv/lib/python3.13/site-packages/django/db/models/base.py", line 874, in save
    self.save_base(
    ~~~~~~~~~~~~~~^
        using=using,
        ^^^^^^^^^^^^
    ...<2 lines>...
        update_fields=update_fields,
        ^^^^^^^^^^^^^^^^^^^^^^^^^^^^
    )
    ^
  File "/Users/islam/Dev2/JobPulse/backend/venv/lib/python3.13/site-packages/django/db/models/base.py", line 981, in save_base
    post_save.send(
    ~~~~~~~~~~~~~~^
        sender=origin,
        ^^^^^^^^^^^^^^
    ...<4 lines>...
        using=using,
        ^^^^^^^^^^^^
    )
    ^
  File "/Users/islam/Dev2/JobPulse/backend/venv/lib/python3.13/site-packages/django/dispatch/dispatcher.py", line 209, in send
    response = receiver(signal=self, sender=sender, **named)
  File "/Users/islam/Dev2/JobPulse/backend/apps/broadcastprompt/signals.py", line 10, in broadcast_post_save
    send_broadcast_message(instance)
    ~~~~~~~~~~~~~~~~~~~~~~^^^^^^^^^^
  File "/Users/islam/Dev2/JobPulse/backend/apps/broadcastprompt/services.py", line 8, in send_broadcast_message
    users = TGUser.objects.exclude(telegram_id__isnull=True)
            ^^^^^^
NameError: name 'TGUser' is not defined. Did you mean: 'User'?
ERROR 2026-01-02 22:24:34,749 log 5981 6192459776 "POST /admin/broadcastprompt/broadcastmessage/8/change/ HTTP/1.1" 500 156993
